This file contains any messages produced by compilers while
running configure, to aid debugging if configure makes a mistake.

It was created by smartmontools configure 6.1, which was
generated by GNU Autoconf 2.69.  Invocation command line was

  $ ./configure --prefix /usr

## --------- ##
## Platform. ##
## --------- ##

hostname = hddtest2.nexcess.net
uname -m = x86_64
uname -r = 2.6.32-279.5.2.el6.x86_64
uname -s = Linux
uname -v = #1 SMP Fri Aug 24 01:07:11 UTC 2012

/usr/bin/uname -p = unknown
/bin/uname -X     = unknown

/bin/arch              = x86_64
/usr/bin/arch -k       = unknown
/usr/convex/getsysinfo = unknown
/usr/bin/hostinfo      = unknown
/bin/machine           = unknown
/usr/bin/oslevel       = unknown
/bin/universe          = unknown

PATH: /sbin
PATH: /bin
PATH: /usr/sbin
PATH: /usr/bin
PATH: /usr/local/sbin
PATH: /sbin
PATH: /usr/sbin
PATH: /var/qmail/bin/
PATH: /usr/nexkit/bin


## ----------- ##
## Core tests. ##
## ----------- ##

configure:2473: checking for a BSD-compatible install
configure:2541: result: /usr/bin/install -c
configure:2552: checking whether build environment is sane
configure:2607: result: yes
configure:2758: checking for a thread-safe mkdir -p
configure:2797: result: /bin/mkdir -p
configure:2804: checking for gawk
configure:2820: found /bin/gawk
configure:2831: result: gawk
configure:2842: checking whether make sets $(MAKE)
configure:2864: result: yes
configure:2952: checking whether to enable maintainer-specific portions of Makefiles
configure:2961: result: no
configure:3039: checking for g++
configure:3055: found /usr/bin/g++
configure:3066: result: g++
configure:3093: checking for C++ compiler version
configure:3102: g++ --version >&5
g++ (GCC) 4.4.7 20120313 (Red Hat 4.4.7-3)
Copyright (C) 2010 Free Software Foundation, Inc.
This is free software; see the source for copying conditions.  There is NO
warranty; not even for MERCHANTABILITY or FITNESS FOR A PARTICULAR PURPOSE.

configure:3113: $? = 0
configure:3102: g++ -v >&5
Using built-in specs.
Target: x86_64-redhat-linux
Configured with: ../configure --prefix=/usr --mandir=/usr/share/man --infodir=/usr/share/info --with-bugurl=http://bugzilla.redhat.com/bugzilla --enable-bootstrap --enable-shared --enable-threads=posix --enable-checking=release --with-system-zlib --enable-__cxa_atexit --disable-libunwind-exceptions --enable-gnu-unique-object --enable-languages=c,c++,objc,obj-c++,java,fortran,ada --enable-java-awt=gtk --disable-dssi --with-java-home=/usr/lib/jvm/java-1.5.0-gcj-1.5.0.0/jre --enable-libgcj-multifile --enable-java-maintainer-mode --with-ecj-jar=/usr/share/java/eclipse-ecj.jar --disable-libjava-multilib --with-ppl --with-cloog --with-tune=generic --with-arch_32=i686 --build=x86_64-redhat-linux
Thread model: posix
gcc version 4.4.7 20120313 (Red Hat 4.4.7-3) (GCC) 
configure:3113: $? = 0
configure:3102: g++ -V >&5
g++: '-V' option must have argument
configure:3113: $? = 1
configure:3102: g++ -qversion >&5
g++: unrecognized option '-qversion'
g++: no input files
configure:3113: $? = 1
configure:3133: checking whether the C++ compiler works
configure:3155: g++    conftest.cpp  >&5
configure:3159: $? = 0
configure:3207: result: yes
configure:3210: checking for C++ compiler default output file name
configure:3212: result: a.out
configure:3218: checking for suffix of executables
configure:3225: g++ -o conftest    conftest.cpp  >&5
configure:3229: $? = 0
configure:3251: result: 
configure:3273: checking whether we are cross compiling
configure:3281: g++ -o conftest    conftest.cpp  >&5
configure:3285: $? = 0
configure:3292: ./conftest
configure:3296: $? = 0
configure:3311: result: no
configure:3316: checking for suffix of object files
configure:3338: g++ -c   conftest.cpp >&5
configure:3342: $? = 0
configure:3363: result: o
configure:3367: checking whether we are using the GNU C++ compiler
configure:3386: g++ -c   conftest.cpp >&5
configure:3386: $? = 0
configure:3395: result: yes
configure:3404: checking whether g++ accepts -g
configure:3424: g++ -c -g  conftest.cpp >&5
configure:3424: $? = 0
configure:3465: result: yes
configure:3499: checking for style of include used by make
configure:3527: result: GNU
configure:3553: checking dependency style of g++
configure:3664: result: gcc3
configure:3727: checking for gcc
configure:3743: found /usr/bin/gcc
configure:3754: result: gcc
configure:3983: checking for C compiler version
configure:3992: gcc --version >&5
gcc (GCC) 4.4.7 20120313 (Red Hat 4.4.7-3)
Copyright (C) 2010 Free Software Foundation, Inc.
This is free software; see the source for copying conditions.  There is NO
warranty; not even for MERCHANTABILITY or FITNESS FOR A PARTICULAR PURPOSE.

configure:4003: $? = 0
configure:3992: gcc -v >&5
Using built-in specs.
Target: x86_64-redhat-linux
Configured with: ../configure --prefix=/usr --mandir=/usr/share/man --infodir=/usr/share/info --with-bugurl=http://bugzilla.redhat.com/bugzilla --enable-bootstrap --enable-shared --enable-threads=posix --enable-checking=release --with-system-zlib --enable-__cxa_atexit --disable-libunwind-exceptions --enable-gnu-unique-object --enable-languages=c,c++,objc,obj-c++,java,fortran,ada --enable-java-awt=gtk --disable-dssi --with-java-home=/usr/lib/jvm/java-1.5.0-gcj-1.5.0.0/jre --enable-libgcj-multifile --enable-java-maintainer-mode --with-ecj-jar=/usr/share/java/eclipse-ecj.jar --disable-libjava-multilib --with-ppl --with-cloog --with-tune=generic --with-arch_32=i686 --build=x86_64-redhat-linux
Thread model: posix
gcc version 4.4.7 20120313 (Red Hat 4.4.7-3) (GCC) 
configure:4003: $? = 0
configure:3992: gcc -V >&5
gcc: '-V' option must have argument
configure:4003: $? = 1
configure:3992: gcc -qversion >&5
gcc: unrecognized option '-qversion'
gcc: no input files
configure:4003: $? = 1
configure:4007: checking whether we are using the GNU C compiler
configure:4026: gcc -c   conftest.c >&5
configure:4026: $? = 0
configure:4035: result: yes
configure:4044: checking whether gcc accepts -g
configure:4064: gcc -c -g  conftest.c >&5
configure:4064: $? = 0
configure:4105: result: yes
configure:4122: checking for gcc option to accept ISO C89
configure:4185: gcc  -c -g -O2  conftest.c >&5
configure:4185: $? = 0
configure:4198: result: none needed
configure:4220: checking dependency style of gcc
configure:4331: result: gcc3
configure:4355: checking dependency style of gcc
configure:4464: result: gcc3
configure:4536: checking for pkg-config
configure:4554: found /usr/bin/pkg-config
configure:4566: result: /usr/bin/pkg-config
configure:4591: checking pkg-config is at least version 0.9.0
configure:4594: result: yes
configure:4613: checking build system type
configure:4627: result: x86_64-unknown-linux-gnu
configure:4647: checking host system type
configure:4660: result: x86_64-unknown-linux-gnu
configure:4887: checking whether this is a build from SVN
configure:4909: result: no
configure:4922: checking how to run the C++ preprocessor
configure:4949: g++ -E  conftest.cpp
configure:4949: $? = 0
configure:4963: g++ -E  conftest.cpp
conftest.cpp:17:28: error: ac_nonexistent.h: No such file or directory
configure:4963: $? = 1
configure: failed program was:
| /* confdefs.h */
| #define PACKAGE_NAME "smartmontools"
| #define PACKAGE_TARNAME "smartmontools"
| #define PACKAGE_VERSION "6.1"
| #define PACKAGE_STRING "smartmontools 6.1"
| #define PACKAGE_BUGREPORT "smartmontools-support@lists.sourceforge.net"
| #define PACKAGE_URL ""
| #define SMARTMONTOOLS_CONFIGURE_ARGS " '--prefix' '/usr'"
| #define SMARTMONTOOLS_CONFIGURE_DATE "2013-04-10 17:13:59 UTC"
| #define SMARTMONTOOLS_RELEASE_DATE "2013-03-16"
| #define SMARTMONTOOLS_RELEASE_TIME "14:35:27 UTC"
| #define CONFIG_H_CVSID "$Id: configure.ac 3800 2013-03-16 14:36:20Z chrfranke $"
| #define PACKAGE_HOMEPAGE "http://smartmontools.sourceforge.net/"
| #define PACKAGE "smartmontools"
| #define VERSION "6.1"
| /* end confdefs.h.  */
| #include <ac_nonexistent.h>
configure:4988: result: g++ -E
configure:5008: g++ -E  conftest.cpp
configure:5008: $? = 0
configure:5022: g++ -E  conftest.cpp
conftest.cpp:17:28: error: ac_nonexistent.h: No such file or directory
configure:5022: $? = 1
configure: failed program was:
| /* confdefs.h */
| #define PACKAGE_NAME "smartmontools"
| #define PACKAGE_TARNAME "smartmontools"
| #define PACKAGE_VERSION "6.1"
| #define PACKAGE_STRING "smartmontools 6.1"
| #define PACKAGE_BUGREPORT "smartmontools-support@lists.sourceforge.net"
| #define PACKAGE_URL ""
| #define SMARTMONTOOLS_CONFIGURE_ARGS " '--prefix' '/usr'"
| #define SMARTMONTOOLS_CONFIGURE_DATE "2013-04-10 17:13:59 UTC"
| #define SMARTMONTOOLS_RELEASE_DATE "2013-03-16"
| #define SMARTMONTOOLS_RELEASE_TIME "14:35:27 UTC"
| #define CONFIG_H_CVSID "$Id: configure.ac 3800 2013-03-16 14:36:20Z chrfranke $"
| #define PACKAGE_HOMEPAGE "http://smartmontools.sourceforge.net/"
| #define PACKAGE "smartmontools"
| #define VERSION "6.1"
| /* end confdefs.h.  */
| #include <ac_nonexistent.h>
configure:5051: checking for grep that handles long lines and -e
configure:5109: result: /bin/grep
configure:5114: checking for egrep
configure:5176: result: /bin/grep -E
configure:5181: checking for ANSI C header files
configure:5201: g++ -c -g -O2  conftest.cpp >&5
configure:5201: $? = 0
configure:5274: g++ -o conftest -g -O2   conftest.cpp  >&5
configure:5274: $? = 0
configure:5274: ./conftest
configure:5274: $? = 0
configure:5285: result: yes
configure:5298: checking for sys/types.h
configure:5298: g++ -c -g -O2  conftest.cpp >&5
configure:5298: $? = 0
configure:5298: result: yes
configure:5298: checking for sys/stat.h
configure:5298: g++ -c -g -O2  conftest.cpp >&5
configure:5298: $? = 0
configure:5298: result: yes
configure:5298: checking for stdlib.h
configure:5298: g++ -c -g -O2  conftest.cpp >&5
configure:5298: $? = 0
configure:5298: result: yes
configure:5298: checking for string.h
configure:5298: g++ -c -g -O2  conftest.cpp >&5
configure:5298: $? = 0
configure:5298: result: yes
configure:5298: checking for memory.h
configure:5298: g++ -c -g -O2  conftest.cpp >&5
configure:5298: $? = 0
configure:5298: result: yes
configure:5298: checking for strings.h
configure:5298: g++ -c -g -O2  conftest.cpp >&5
configure:5298: $? = 0
configure:5298: result: yes
configure:5298: checking for inttypes.h
configure:5298: g++ -c -g -O2  conftest.cpp >&5
configure:5298: $? = 0
configure:5298: result: yes
configure:5298: checking for stdint.h
configure:5298: g++ -c -g -O2  conftest.cpp >&5
configure:5298: $? = 0
configure:5298: result: yes
configure:5298: checking for unistd.h
configure:5298: g++ -c -g -O2  conftest.cpp >&5
configure:5298: $? = 0
configure:5298: result: yes
configure:5312: checking locale.h usability
configure:5312: g++ -c -g -O2  conftest.cpp >&5
configure:5312: $? = 0
configure:5312: result: yes
configure:5312: checking locale.h presence
configure:5312: g++ -E  conftest.cpp
configure:5312: $? = 0
configure:5312: result: yes
configure:5312: checking for locale.h
configure:5312: result: yes
configure:5324: checking dev/ata/atavar.h usability
configure:5324: g++ -c -g -O2  conftest.cpp >&5
conftest.cpp:61:28: error: dev/ata/atavar.h: No such file or directory
configure:5324: $? = 1
configure: failed program was:
| /* confdefs.h */
| #define PACKAGE_NAME "smartmontools"
| #define PACKAGE_TARNAME "smartmontools"
| #define PACKAGE_VERSION "6.1"
| #define PACKAGE_STRING "smartmontools 6.1"
| #define PACKAGE_BUGREPORT "smartmontools-support@lists.sourceforge.net"
| #define PACKAGE_URL ""
| #define SMARTMONTOOLS_CONFIGURE_ARGS " '--prefix' '/usr'"
| #define SMARTMONTOOLS_CONFIGURE_DATE "2013-04-10 17:13:59 UTC"
| #define SMARTMONTOOLS_RELEASE_DATE "2013-03-16"
| #define SMARTMONTOOLS_RELEASE_TIME "14:35:27 UTC"
| #define CONFIG_H_CVSID "$Id: configure.ac 3800 2013-03-16 14:36:20Z chrfranke $"
| #define PACKAGE_HOMEPAGE "http://smartmontools.sourceforge.net/"
| #define PACKAGE "smartmontools"
| #define VERSION "6.1"
| #define STDC_HEADERS 1
| #define HAVE_SYS_TYPES_H 1
| #define HAVE_SYS_STAT_H 1
| #define HAVE_STDLIB_H 1
| #define HAVE_STRING_H 1
| #define HAVE_MEMORY_H 1
| #define HAVE_STRINGS_H 1
| #define HAVE_INTTYPES_H 1
| #define HAVE_STDINT_H 1
| #define HAVE_UNISTD_H 1
| #define HAVE_LOCALE_H 1
| /* end confdefs.h.  */
| #include <stdio.h>
| #ifdef HAVE_SYS_TYPES_H
| # include <sys/types.h>
| #endif
| #ifdef HAVE_SYS_STAT_H
| # include <sys/stat.h>
| #endif
| #ifdef STDC_HEADERS
| # include <stdlib.h>
| # include <stddef.h>
| #else
| # ifdef HAVE_STDLIB_H
| #  include <stdlib.h>
| # endif
| #endif
| #ifdef HAVE_STRING_H
| # if !defined STDC_HEADERS && defined HAVE_MEMORY_H
| #  include <memory.h>
| # endif
| # include <string.h>
| #endif
| #ifdef HAVE_STRINGS_H
| # include <strings.h>
| #endif
| #ifdef HAVE_INTTYPES_H
| # include <inttypes.h>
| #endif
| #ifdef HAVE_STDINT_H
| # include <stdint.h>
| #endif
| #ifdef HAVE_UNISTD_H
| # include <unistd.h>
| #endif
| #include <dev/ata/atavar.h>
configure:5324: result: no
configure:5324: checking dev/ata/atavar.h presence
configure:5324: g++ -E  conftest.cpp
conftest.cpp:28:28: error: dev/ata/atavar.h: No such file or directory
configure:5324: $? = 1
configure: failed program was:
| /* confdefs.h */
| #define PACKAGE_NAME "smartmontools"
| #define PACKAGE_TARNAME "smartmontools"
| #define PACKAGE_VERSION "6.1"
| #define PACKAGE_STRING "smartmontools 6.1"
| #define PACKAGE_BUGREPORT "smartmontools-support@lists.sourceforge.net"
| #define PACKAGE_URL ""
| #define SMARTMONTOOLS_CONFIGURE_ARGS " '--prefix' '/usr'"
| #define SMARTMONTOOLS_CONFIGURE_DATE "2013-04-10 17:13:59 UTC"
| #define SMARTMONTOOLS_RELEASE_DATE "2013-03-16"
| #define SMARTMONTOOLS_RELEASE_TIME "14:35:27 UTC"
| #define CONFIG_H_CVSID "$Id: configure.ac 3800 2013-03-16 14:36:20Z chrfranke $"
| #define PACKAGE_HOMEPAGE "http://smartmontools.sourceforge.net/"
| #define PACKAGE "smartmontools"
| #define VERSION "6.1"
| #define STDC_HEADERS 1
| #define HAVE_SYS_TYPES_H 1
| #define HAVE_SYS_STAT_H 1
| #define HAVE_STDLIB_H 1
| #define HAVE_STRING_H 1
| #define HAVE_MEMORY_H 1
| #define HAVE_STRINGS_H 1
| #define HAVE_INTTYPES_H 1
| #define HAVE_STDINT_H 1
| #define HAVE_UNISTD_H 1
| #define HAVE_LOCALE_H 1
| /* end confdefs.h.  */
| #include <dev/ata/atavar.h>
configure:5324: result: no
configure:5324: checking for dev/ata/atavar.h
configure:5324: result: no
configure:5336: checking netdb.h usability
configure:5336: g++ -c -g -O2  conftest.cpp >&5
configure:5336: $? = 0
configure:5336: result: yes
configure:5336: checking netdb.h presence
configure:5336: g++ -E  conftest.cpp
configure:5336: $? = 0
configure:5336: result: yes
configure:5336: checking for netdb.h
configure:5336: result: yes
configure:5348: checking for inttypes.h
configure:5348: result: yes
configure:5359: checking for stdint.h
configure:5359: result: yes
configure:5370: checking sys/inttypes.h usability
configure:5370: g++ -c -g -O2  conftest.cpp >&5
conftest.cpp:64:26: error: sys/inttypes.h: No such file or directory
configure:5370: $? = 1
configure: failed program was:
| /* confdefs.h */
| #define PACKAGE_NAME "smartmontools"
| #define PACKAGE_TARNAME "smartmontools"
| #define PACKAGE_VERSION "6.1"
| #define PACKAGE_STRING "smartmontools 6.1"
| #define PACKAGE_BUGREPORT "smartmontools-support@lists.sourceforge.net"
| #define PACKAGE_URL ""
| #define SMARTMONTOOLS_CONFIGURE_ARGS " '--prefix' '/usr'"
| #define SMARTMONTOOLS_CONFIGURE_DATE "2013-04-10 17:13:59 UTC"
| #define SMARTMONTOOLS_RELEASE_DATE "2013-03-16"
| #define SMARTMONTOOLS_RELEASE_TIME "14:35:27 UTC"
| #define CONFIG_H_CVSID "$Id: configure.ac 3800 2013-03-16 14:36:20Z chrfranke $"
| #define PACKAGE_HOMEPAGE "http://smartmontools.sourceforge.net/"
| #define PACKAGE "smartmontools"
| #define VERSION "6.1"
| #define STDC_HEADERS 1
| #define HAVE_SYS_TYPES_H 1
| #define HAVE_SYS_STAT_H 1
| #define HAVE_STDLIB_H 1
| #define HAVE_STRING_H 1
| #define HAVE_MEMORY_H 1
| #define HAVE_STRINGS_H 1
| #define HAVE_INTTYPES_H 1
| #define HAVE_STDINT_H 1
| #define HAVE_UNISTD_H 1
| #define HAVE_LOCALE_H 1
| #define HAVE_NETDB_H 1
| #define HAVE_INTTYPES_H 1
| #define HAVE_STDINT_H 1
| /* end confdefs.h.  */
| #include <stdio.h>
| #ifdef HAVE_SYS_TYPES_H
| # include <sys/types.h>
| #endif
| #ifdef HAVE_SYS_STAT_H
| # include <sys/stat.h>
| #endif
| #ifdef STDC_HEADERS
| # include <stdlib.h>
| # include <stddef.h>
| #else
| # ifdef HAVE_STDLIB_H
| #  include <stdlib.h>
| # endif
| #endif
| #ifdef HAVE_STRING_H
| # if !defined STDC_HEADERS && defined HAVE_MEMORY_H
| #  include <memory.h>
| # endif
| # include <string.h>
| #endif
| #ifdef HAVE_STRINGS_H
| # include <strings.h>
| #endif
| #ifdef HAVE_INTTYPES_H
| # include <inttypes.h>
| #endif
| #ifdef HAVE_STDINT_H
| # include <stdint.h>
| #endif
| #ifdef HAVE_UNISTD_H
| # include <unistd.h>
| #endif
| #include <sys/inttypes.h>
configure:5370: result: no
configure:5370: checking sys/inttypes.h presence
configure:5370: g++ -E  conftest.cpp
conftest.cpp:31:26: error: sys/inttypes.h: No such file or directory
configure:5370: $? = 1
configure: failed program was:
| /* confdefs.h */
| #define PACKAGE_NAME "smartmontools"
| #define PACKAGE_TARNAME "smartmontools"
| #define PACKAGE_VERSION "6.1"
| #define PACKAGE_STRING "smartmontools 6.1"
| #define PACKAGE_BUGREPORT "smartmontools-support@lists.sourceforge.net"
| #define PACKAGE_URL ""
| #define SMARTMONTOOLS_CONFIGURE_ARGS " '--prefix' '/usr'"
| #define SMARTMONTOOLS_CONFIGURE_DATE "2013-04-10 17:13:59 UTC"
| #define SMARTMONTOOLS_RELEASE_DATE "2013-03-16"
| #define SMARTMONTOOLS_RELEASE_TIME "14:35:27 UTC"
| #define CONFIG_H_CVSID "$Id: configure.ac 3800 2013-03-16 14:36:20Z chrfranke $"
| #define PACKAGE_HOMEPAGE "http://smartmontools.sourceforge.net/"
| #define PACKAGE "smartmontools"
| #define VERSION "6.1"
| #define STDC_HEADERS 1
| #define HAVE_SYS_TYPES_H 1
| #define HAVE_SYS_STAT_H 1
| #define HAVE_STDLIB_H 1
| #define HAVE_STRING_H 1
| #define HAVE_MEMORY_H 1
| #define HAVE_STRINGS_H 1
| #define HAVE_INTTYPES_H 1
| #define HAVE_STDINT_H 1
| #define HAVE_UNISTD_H 1
| #define HAVE_LOCALE_H 1
| #define HAVE_NETDB_H 1
| #define HAVE_INTTYPES_H 1
| #define HAVE_STDINT_H 1
| /* end confdefs.h.  */
| #include <sys/inttypes.h>
configure:5370: result: no
configure:5370: checking for sys/inttypes.h
configure:5370: result: no
configure:5381: checking sys/int_types.h usability
configure:5381: g++ -c -g -O2  conftest.cpp >&5
conftest.cpp:64:27: error: sys/int_types.h: No such file or directory
configure:5381: $? = 1
configure: failed program was:
| /* confdefs.h */
| #define PACKAGE_NAME "smartmontools"
| #define PACKAGE_TARNAME "smartmontools"
| #define PACKAGE_VERSION "6.1"
| #define PACKAGE_STRING "smartmontools 6.1"
| #define PACKAGE_BUGREPORT "smartmontools-support@lists.sourceforge.net"
| #define PACKAGE_URL ""
| #define SMARTMONTOOLS_CONFIGURE_ARGS " '--prefix' '/usr'"
| #define SMARTMONTOOLS_CONFIGURE_DATE "2013-04-10 17:13:59 UTC"
| #define SMARTMONTOOLS_RELEASE_DATE "2013-03-16"
| #define SMARTMONTOOLS_RELEASE_TIME "14:35:27 UTC"
| #define CONFIG_H_CVSID "$Id: configure.ac 3800 2013-03-16 14:36:20Z chrfranke $"
| #define PACKAGE_HOMEPAGE "http://smartmontools.sourceforge.net/"
| #define PACKAGE "smartmontools"
| #define VERSION "6.1"
| #define STDC_HEADERS 1
| #define HAVE_SYS_TYPES_H 1
| #define HAVE_SYS_STAT_H 1
| #define HAVE_STDLIB_H 1
| #define HAVE_STRING_H 1
| #define HAVE_MEMORY_H 1
| #define HAVE_STRINGS_H 1
| #define HAVE_INTTYPES_H 1
| #define HAVE_STDINT_H 1
| #define HAVE_UNISTD_H 1
| #define HAVE_LOCALE_H 1
| #define HAVE_NETDB_H 1
| #define HAVE_INTTYPES_H 1
| #define HAVE_STDINT_H 1
| /* end confdefs.h.  */
| #include <stdio.h>
| #ifdef HAVE_SYS_TYPES_H
| # include <sys/types.h>
| #endif
| #ifdef HAVE_SYS_STAT_H
| # include <sys/stat.h>
| #endif
| #ifdef STDC_HEADERS
| # include <stdlib.h>
| # include <stddef.h>
| #else
| # ifdef HAVE_STDLIB_H
| #  include <stdlib.h>
| # endif
| #endif
| #ifdef HAVE_STRING_H
| # if !defined STDC_HEADERS && defined HAVE_MEMORY_H
| #  include <memory.h>
| # endif
| # include <string.h>
| #endif
| #ifdef HAVE_STRINGS_H
| # include <strings.h>
| #endif
| #ifdef HAVE_INTTYPES_H
| # include <inttypes.h>
| #endif
| #ifdef HAVE_STDINT_H
| # include <stdint.h>
| #endif
| #ifdef HAVE_UNISTD_H
| # include <unistd.h>
| #endif
| #include <sys/int_types.h>
configure:5381: result: no
configure:5381: checking sys/int_types.h presence
configure:5381: g++ -E  conftest.cpp
conftest.cpp:31:27: error: sys/int_types.h: No such file or directory
configure:5381: $? = 1
configure: failed program was:
| /* confdefs.h */
| #define PACKAGE_NAME "smartmontools"
| #define PACKAGE_TARNAME "smartmontools"
| #define PACKAGE_VERSION "6.1"
| #define PACKAGE_STRING "smartmontools 6.1"
| #define PACKAGE_BUGREPORT "smartmontools-support@lists.sourceforge.net"
| #define PACKAGE_URL ""
| #define SMARTMONTOOLS_CONFIGURE_ARGS " '--prefix' '/usr'"
| #define SMARTMONTOOLS_CONFIGURE_DATE "2013-04-10 17:13:59 UTC"
| #define SMARTMONTOOLS_RELEASE_DATE "2013-03-16"
| #define SMARTMONTOOLS_RELEASE_TIME "14:35:27 UTC"
| #define CONFIG_H_CVSID "$Id: configure.ac 3800 2013-03-16 14:36:20Z chrfranke $"
| #define PACKAGE_HOMEPAGE "http://smartmontools.sourceforge.net/"
| #define PACKAGE "smartmontools"
| #define VERSION "6.1"
| #define STDC_HEADERS 1
| #define HAVE_SYS_TYPES_H 1
| #define HAVE_SYS_STAT_H 1
| #define HAVE_STDLIB_H 1
| #define HAVE_STRING_H 1
| #define HAVE_MEMORY_H 1
| #define HAVE_STRINGS_H 1
| #define HAVE_INTTYPES_H 1
| #define HAVE_STDINT_H 1
| #define HAVE_UNISTD_H 1
| #define HAVE_LOCALE_H 1
| #define HAVE_NETDB_H 1
| #define HAVE_INTTYPES_H 1
| #define HAVE_STDINT_H 1
| /* end confdefs.h.  */
| #include <sys/int_types.h>
configure:5381: result: no
configure:5381: checking for sys/int_types.h
configure:5381: result: no
configure:5392: checking sys/tweio.h usability
configure:5392: g++ -c -g -O2  conftest.cpp >&5
conftest.cpp:64:23: error: sys/tweio.h: No such file or directory
configure:5392: $? = 1
configure: failed program was:
| /* confdefs.h */
| #define PACKAGE_NAME "smartmontools"
| #define PACKAGE_TARNAME "smartmontools"
| #define PACKAGE_VERSION "6.1"
| #define PACKAGE_STRING "smartmontools 6.1"
| #define PACKAGE_BUGREPORT "smartmontools-support@lists.sourceforge.net"
| #define PACKAGE_URL ""
| #define SMARTMONTOOLS_CONFIGURE_ARGS " '--prefix' '/usr'"
| #define SMARTMONTOOLS_CONFIGURE_DATE "2013-04-10 17:13:59 UTC"
| #define SMARTMONTOOLS_RELEASE_DATE "2013-03-16"
| #define SMARTMONTOOLS_RELEASE_TIME "14:35:27 UTC"
| #define CONFIG_H_CVSID "$Id: configure.ac 3800 2013-03-16 14:36:20Z chrfranke $"
| #define PACKAGE_HOMEPAGE "http://smartmontools.sourceforge.net/"
| #define PACKAGE "smartmontools"
| #define VERSION "6.1"
| #define STDC_HEADERS 1
| #define HAVE_SYS_TYPES_H 1
| #define HAVE_SYS_STAT_H 1
| #define HAVE_STDLIB_H 1
| #define HAVE_STRING_H 1
| #define HAVE_MEMORY_H 1
| #define HAVE_STRINGS_H 1
| #define HAVE_INTTYPES_H 1
| #define HAVE_STDINT_H 1
| #define HAVE_UNISTD_H 1
| #define HAVE_LOCALE_H 1
| #define HAVE_NETDB_H 1
| #define HAVE_INTTYPES_H 1
| #define HAVE_STDINT_H 1
| /* end confdefs.h.  */
| #include <stdio.h>
| #ifdef HAVE_SYS_TYPES_H
| # include <sys/types.h>
| #endif
| #ifdef HAVE_SYS_STAT_H
| # include <sys/stat.h>
| #endif
| #ifdef STDC_HEADERS
| # include <stdlib.h>
| # include <stddef.h>
| #else
| # ifdef HAVE_STDLIB_H
| #  include <stdlib.h>
| # endif
| #endif
| #ifdef HAVE_STRING_H
| # if !defined STDC_HEADERS && defined HAVE_MEMORY_H
| #  include <memory.h>
| # endif
| # include <string.h>
| #endif
| #ifdef HAVE_STRINGS_H
| # include <strings.h>
| #endif
| #ifdef HAVE_INTTYPES_H
| # include <inttypes.h>
| #endif
| #ifdef HAVE_STDINT_H
| # include <stdint.h>
| #endif
| #ifdef HAVE_UNISTD_H
| # include <unistd.h>
| #endif
| #include <sys/tweio.h>
configure:5392: result: no
configure:5392: checking sys/tweio.h presence
configure:5392: g++ -E  conftest.cpp
conftest.cpp:31:23: error: sys/tweio.h: No such file or directory
configure:5392: $? = 1
configure: failed program was:
| /* confdefs.h */
| #define PACKAGE_NAME "smartmontools"
| #define PACKAGE_TARNAME "smartmontools"
| #define PACKAGE_VERSION "6.1"
| #define PACKAGE_STRING "smartmontools 6.1"
| #define PACKAGE_BUGREPORT "smartmontools-support@lists.sourceforge.net"
| #define PACKAGE_URL ""
| #define SMARTMONTOOLS_CONFIGURE_ARGS " '--prefix' '/usr'"
| #define SMARTMONTOOLS_CONFIGURE_DATE "2013-04-10 17:13:59 UTC"
| #define SMARTMONTOOLS_RELEASE_DATE "2013-03-16"
| #define SMARTMONTOOLS_RELEASE_TIME "14:35:27 UTC"
| #define CONFIG_H_CVSID "$Id: configure.ac 3800 2013-03-16 14:36:20Z chrfranke $"
| #define PACKAGE_HOMEPAGE "http://smartmontools.sourceforge.net/"
| #define PACKAGE "smartmontools"
| #define VERSION "6.1"
| #define STDC_HEADERS 1
| #define HAVE_SYS_TYPES_H 1
| #define HAVE_SYS_STAT_H 1
| #define HAVE_STDLIB_H 1
| #define HAVE_STRING_H 1
| #define HAVE_MEMORY_H 1
| #define HAVE_STRINGS_H 1
| #define HAVE_INTTYPES_H 1
| #define HAVE_STDINT_H 1
| #define HAVE_UNISTD_H 1
| #define HAVE_LOCALE_H 1
| #define HAVE_NETDB_H 1
| #define HAVE_INTTYPES_H 1
| #define HAVE_STDINT_H 1
| /* end confdefs.h.  */
| #include <sys/tweio.h>
configure:5392: result: no
configure:5392: checking for sys/tweio.h
configure:5392: result: no
configure:5404: checking sys/twereg.h usability
configure:5404: g++ -c -g -O2  conftest.cpp >&5
conftest.cpp:64:24: error: sys/twereg.h: No such file or directory
configure:5404: $? = 1
configure: failed program was:
| /* confdefs.h */
| #define PACKAGE_NAME "smartmontools"
| #define PACKAGE_TARNAME "smartmontools"
| #define PACKAGE_VERSION "6.1"
| #define PACKAGE_STRING "smartmontools 6.1"
| #define PACKAGE_BUGREPORT "smartmontools-support@lists.sourceforge.net"
| #define PACKAGE_URL ""
| #define SMARTMONTOOLS_CONFIGURE_ARGS " '--prefix' '/usr'"
| #define SMARTMONTOOLS_CONFIGURE_DATE "2013-04-10 17:13:59 UTC"
| #define SMARTMONTOOLS_RELEASE_DATE "2013-03-16"
| #define SMARTMONTOOLS_RELEASE_TIME "14:35:27 UTC"
| #define CONFIG_H_CVSID "$Id: configure.ac 3800 2013-03-16 14:36:20Z chrfranke $"
| #define PACKAGE_HOMEPAGE "http://smartmontools.sourceforge.net/"
| #define PACKAGE "smartmontools"
| #define VERSION "6.1"
| #define STDC_HEADERS 1
| #define HAVE_SYS_TYPES_H 1
| #define HAVE_SYS_STAT_H 1
| #define HAVE_STDLIB_H 1
| #define HAVE_STRING_H 1
| #define HAVE_MEMORY_H 1
| #define HAVE_STRINGS_H 1
| #define HAVE_INTTYPES_H 1
| #define HAVE_STDINT_H 1
| #define HAVE_UNISTD_H 1
| #define HAVE_LOCALE_H 1
| #define HAVE_NETDB_H 1
| #define HAVE_INTTYPES_H 1
| #define HAVE_STDINT_H 1
| /* end confdefs.h.  */
| #include <stdio.h>
| #ifdef HAVE_SYS_TYPES_H
| # include <sys/types.h>
| #endif
| #ifdef HAVE_SYS_STAT_H
| # include <sys/stat.h>
| #endif
| #ifdef STDC_HEADERS
| # include <stdlib.h>
| # include <stddef.h>
| #else
| # ifdef HAVE_STDLIB_H
| #  include <stdlib.h>
| # endif
| #endif
| #ifdef HAVE_STRING_H
| # if !defined STDC_HEADERS && defined HAVE_MEMORY_H
| #  include <memory.h>
| # endif
| # include <string.h>
| #endif
| #ifdef HAVE_STRINGS_H
| # include <strings.h>
| #endif
| #ifdef HAVE_INTTYPES_H
| # include <inttypes.h>
| #endif
| #ifdef HAVE_STDINT_H
| # include <stdint.h>
| #endif
| #ifdef HAVE_UNISTD_H
| # include <unistd.h>
| #endif
| #include <sys/twereg.h>
configure:5404: result: no
configure:5404: checking sys/twereg.h presence
configure:5404: g++ -E  conftest.cpp
conftest.cpp:31:24: error: sys/twereg.h: No such file or directory
configure:5404: $? = 1
configure: failed program was:
| /* confdefs.h */
| #define PACKAGE_NAME "smartmontools"
| #define PACKAGE_TARNAME "smartmontools"
| #define PACKAGE_VERSION "6.1"
| #define PACKAGE_STRING "smartmontools 6.1"
| #define PACKAGE_BUGREPORT "smartmontools-support@lists.sourceforge.net"
| #define PACKAGE_URL ""
| #define SMARTMONTOOLS_CONFIGURE_ARGS " '--prefix' '/usr'"
| #define SMARTMONTOOLS_CONFIGURE_DATE "2013-04-10 17:13:59 UTC"
| #define SMARTMONTOOLS_RELEASE_DATE "2013-03-16"
| #define SMARTMONTOOLS_RELEASE_TIME "14:35:27 UTC"
| #define CONFIG_H_CVSID "$Id: configure.ac 3800 2013-03-16 14:36:20Z chrfranke $"
| #define PACKAGE_HOMEPAGE "http://smartmontools.sourceforge.net/"
| #define PACKAGE "smartmontools"
| #define VERSION "6.1"
| #define STDC_HEADERS 1
| #define HAVE_SYS_TYPES_H 1
| #define HAVE_SYS_STAT_H 1
| #define HAVE_STDLIB_H 1
| #define HAVE_STRING_H 1
| #define HAVE_MEMORY_H 1
| #define HAVE_STRINGS_H 1
| #define HAVE_INTTYPES_H 1
| #define HAVE_STDINT_H 1
| #define HAVE_UNISTD_H 1
| #define HAVE_LOCALE_H 1
| #define HAVE_NETDB_H 1
| #define HAVE_INTTYPES_H 1
| #define HAVE_STDINT_H 1
| /* end confdefs.h.  */
| #include <sys/twereg.h>
configure:5404: result: no
configure:5404: checking for sys/twereg.h
configure:5404: result: no
configure:5416: checking sys/tw_osl_ioctl.h usability
configure:5416: g++ -c -g -O2  conftest.cpp >&5
conftest.cpp:64:30: error: sys/tw_osl_ioctl.h: No such file or directory
configure:5416: $? = 1
configure: failed program was:
| /* confdefs.h */
| #define PACKAGE_NAME "smartmontools"
| #define PACKAGE_TARNAME "smartmontools"
| #define PACKAGE_VERSION "6.1"
| #define PACKAGE_STRING "smartmontools 6.1"
| #define PACKAGE_BUGREPORT "smartmontools-support@lists.sourceforge.net"
| #define PACKAGE_URL ""
| #define SMARTMONTOOLS_CONFIGURE_ARGS " '--prefix' '/usr'"
| #define SMARTMONTOOLS_CONFIGURE_DATE "2013-04-10 17:13:59 UTC"
| #define SMARTMONTOOLS_RELEASE_DATE "2013-03-16"
| #define SMARTMONTOOLS_RELEASE_TIME "14:35:27 UTC"
| #define CONFIG_H_CVSID "$Id: configure.ac 3800 2013-03-16 14:36:20Z chrfranke $"
| #define PACKAGE_HOMEPAGE "http://smartmontools.sourceforge.net/"
| #define PACKAGE "smartmontools"
| #define VERSION "6.1"
| #define STDC_HEADERS 1
| #define HAVE_SYS_TYPES_H 1
| #define HAVE_SYS_STAT_H 1
| #define HAVE_STDLIB_H 1
| #define HAVE_STRING_H 1
| #define HAVE_MEMORY_H 1
| #define HAVE_STRINGS_H 1
| #define HAVE_INTTYPES_H 1
| #define HAVE_STDINT_H 1
| #define HAVE_UNISTD_H 1
| #define HAVE_LOCALE_H 1
| #define HAVE_NETDB_H 1
| #define HAVE_INTTYPES_H 1
| #define HAVE_STDINT_H 1
| /* end confdefs.h.  */
| #include <stdio.h>
| #ifdef HAVE_SYS_TYPES_H
| # include <sys/types.h>
| #endif
| #ifdef HAVE_SYS_STAT_H
| # include <sys/stat.h>
| #endif
| #ifdef STDC_HEADERS
| # include <stdlib.h>
| # include <stddef.h>
| #else
| # ifdef HAVE_STDLIB_H
| #  include <stdlib.h>
| # endif
| #endif
| #ifdef HAVE_STRING_H
| # if !defined STDC_HEADERS && defined HAVE_MEMORY_H
| #  include <memory.h>
| # endif
| # include <string.h>
| #endif
| #ifdef HAVE_STRINGS_H
| # include <strings.h>
| #endif
| #ifdef HAVE_INTTYPES_H
| # include <inttypes.h>
| #endif
| #ifdef HAVE_STDINT_H
| # include <stdint.h>
| #endif
| #ifdef HAVE_UNISTD_H
| # include <unistd.h>
| #endif
| #include <sys/tw_osl_ioctl.h>
configure:5416: result: no
configure:5416: checking sys/tw_osl_ioctl.h presence
configure:5416: g++ -E  conftest.cpp
conftest.cpp:31:30: error: sys/tw_osl_ioctl.h: No such file or directory
configure:5416: $? = 1
configure: failed program was:
| /* confdefs.h */
| #define PACKAGE_NAME "smartmontools"
| #define PACKAGE_TARNAME "smartmontools"
| #define PACKAGE_VERSION "6.1"
| #define PACKAGE_STRING "smartmontools 6.1"
| #define PACKAGE_BUGREPORT "smartmontools-support@lists.sourceforge.net"
| #define PACKAGE_URL ""
| #define SMARTMONTOOLS_CONFIGURE_ARGS " '--prefix' '/usr'"
| #define SMARTMONTOOLS_CONFIGURE_DATE "2013-04-10 17:13:59 UTC"
| #define SMARTMONTOOLS_RELEASE_DATE "2013-03-16"
| #define SMARTMONTOOLS_RELEASE_TIME "14:35:27 UTC"
| #define CONFIG_H_CVSID "$Id: configure.ac 3800 2013-03-16 14:36:20Z chrfranke $"
| #define PACKAGE_HOMEPAGE "http://smartmontools.sourceforge.net/"
| #define PACKAGE "smartmontools"
| #define VERSION "6.1"
| #define STDC_HEADERS 1
| #define HAVE_SYS_TYPES_H 1
| #define HAVE_SYS_STAT_H 1
| #define HAVE_STDLIB_H 1
| #define HAVE_STRING_H 1
| #define HAVE_MEMORY_H 1
| #define HAVE_STRINGS_H 1
| #define HAVE_INTTYPES_H 1
| #define HAVE_STDINT_H 1
| #define HAVE_UNISTD_H 1
| #define HAVE_LOCALE_H 1
| #define HAVE_NETDB_H 1
| #define HAVE_INTTYPES_H 1
| #define HAVE_STDINT_H 1
| /* end confdefs.h.  */
| #include <sys/tw_osl_ioctl.h>
configure:5416: result: no
configure:5416: checking for sys/tw_osl_ioctl.h
configure:5416: result: no
configure:5428: checking linux/compiler.h usability
configure:5428: g++ -c -g -O2  conftest.cpp >&5
conftest.cpp:64:28: error: linux/compiler.h: No such file or directory
configure:5428: $? = 1
configure: failed program was:
| /* confdefs.h */
| #define PACKAGE_NAME "smartmontools"
| #define PACKAGE_TARNAME "smartmontools"
| #define PACKAGE_VERSION "6.1"
| #define PACKAGE_STRING "smartmontools 6.1"
| #define PACKAGE_BUGREPORT "smartmontools-support@lists.sourceforge.net"
| #define PACKAGE_URL ""
| #define SMARTMONTOOLS_CONFIGURE_ARGS " '--prefix' '/usr'"
| #define SMARTMONTOOLS_CONFIGURE_DATE "2013-04-10 17:13:59 UTC"
| #define SMARTMONTOOLS_RELEASE_DATE "2013-03-16"
| #define SMARTMONTOOLS_RELEASE_TIME "14:35:27 UTC"
| #define CONFIG_H_CVSID "$Id: configure.ac 3800 2013-03-16 14:36:20Z chrfranke $"
| #define PACKAGE_HOMEPAGE "http://smartmontools.sourceforge.net/"
| #define PACKAGE "smartmontools"
| #define VERSION "6.1"
| #define STDC_HEADERS 1
| #define HAVE_SYS_TYPES_H 1
| #define HAVE_SYS_STAT_H 1
| #define HAVE_STDLIB_H 1
| #define HAVE_STRING_H 1
| #define HAVE_MEMORY_H 1
| #define HAVE_STRINGS_H 1
| #define HAVE_INTTYPES_H 1
| #define HAVE_STDINT_H 1
| #define HAVE_UNISTD_H 1
| #define HAVE_LOCALE_H 1
| #define HAVE_NETDB_H 1
| #define HAVE_INTTYPES_H 1
| #define HAVE_STDINT_H 1
| /* end confdefs.h.  */
| #include <stdio.h>
| #ifdef HAVE_SYS_TYPES_H
| # include <sys/types.h>
| #endif
| #ifdef HAVE_SYS_STAT_H
| # include <sys/stat.h>
| #endif
| #ifdef STDC_HEADERS
| # include <stdlib.h>
| # include <stddef.h>
| #else
| # ifdef HAVE_STDLIB_H
| #  include <stdlib.h>
| # endif
| #endif
| #ifdef HAVE_STRING_H
| # if !defined STDC_HEADERS && defined HAVE_MEMORY_H
| #  include <memory.h>
| # endif
| # include <string.h>
| #endif
| #ifdef HAVE_STRINGS_H
| # include <strings.h>
| #endif
| #ifdef HAVE_INTTYPES_H
| # include <inttypes.h>
| #endif
| #ifdef HAVE_STDINT_H
| # include <stdint.h>
| #endif
| #ifdef HAVE_UNISTD_H
| # include <unistd.h>
| #endif
| #include <linux/compiler.h>
configure:5428: result: no
configure:5428: checking linux/compiler.h presence
configure:5428: g++ -E  conftest.cpp
conftest.cpp:31:28: error: linux/compiler.h: No such file or directory
configure:5428: $? = 1
configure: failed program was:
| /* confdefs.h */
| #define PACKAGE_NAME "smartmontools"
| #define PACKAGE_TARNAME "smartmontools"
| #define PACKAGE_VERSION "6.1"
| #define PACKAGE_STRING "smartmontools 6.1"
| #define PACKAGE_BUGREPORT "smartmontools-support@lists.sourceforge.net"
| #define PACKAGE_URL ""
| #define SMARTMONTOOLS_CONFIGURE_ARGS " '--prefix' '/usr'"
| #define SMARTMONTOOLS_CONFIGURE_DATE "2013-04-10 17:13:59 UTC"
| #define SMARTMONTOOLS_RELEASE_DATE "2013-03-16"
| #define SMARTMONTOOLS_RELEASE_TIME "14:35:27 UTC"
| #define CONFIG_H_CVSID "$Id: configure.ac 3800 2013-03-16 14:36:20Z chrfranke $"
| #define PACKAGE_HOMEPAGE "http://smartmontools.sourceforge.net/"
| #define PACKAGE "smartmontools"
| #define VERSION "6.1"
| #define STDC_HEADERS 1
| #define HAVE_SYS_TYPES_H 1
| #define HAVE_SYS_STAT_H 1
| #define HAVE_STDLIB_H 1
| #define HAVE_STRING_H 1
| #define HAVE_MEMORY_H 1
| #define HAVE_STRINGS_H 1
| #define HAVE_INTTYPES_H 1
| #define HAVE_STDINT_H 1
| #define HAVE_UNISTD_H 1
| #define HAVE_LOCALE_H 1
| #define HAVE_NETDB_H 1
| #define HAVE_INTTYPES_H 1
| #define HAVE_STDINT_H 1
| /* end confdefs.h.  */
| #include <linux/compiler.h>
configure:5428: result: no
configure:5428: checking for linux/compiler.h
configure:5428: result: no
configure:5440: checking dev/ciss/cissio.h usability
configure:5440: g++ -c -g -O2  conftest.cpp >&5
conftest.cpp:64:29: error: dev/ciss/cissio.h: No such file or directory
configure:5440: $? = 1
configure: failed program was:
| /* confdefs.h */
| #define PACKAGE_NAME "smartmontools"
| #define PACKAGE_TARNAME "smartmontools"
| #define PACKAGE_VERSION "6.1"
| #define PACKAGE_STRING "smartmontools 6.1"
| #define PACKAGE_BUGREPORT "smartmontools-support@lists.sourceforge.net"
| #define PACKAGE_URL ""
| #define SMARTMONTOOLS_CONFIGURE_ARGS " '--prefix' '/usr'"
| #define SMARTMONTOOLS_CONFIGURE_DATE "2013-04-10 17:13:59 UTC"
| #define SMARTMONTOOLS_RELEASE_DATE "2013-03-16"
| #define SMARTMONTOOLS_RELEASE_TIME "14:35:27 UTC"
| #define CONFIG_H_CVSID "$Id: configure.ac 3800 2013-03-16 14:36:20Z chrfranke $"
| #define PACKAGE_HOMEPAGE "http://smartmontools.sourceforge.net/"
| #define PACKAGE "smartmontools"
| #define VERSION "6.1"
| #define STDC_HEADERS 1
| #define HAVE_SYS_TYPES_H 1
| #define HAVE_SYS_STAT_H 1
| #define HAVE_STDLIB_H 1
| #define HAVE_STRING_H 1
| #define HAVE_MEMORY_H 1
| #define HAVE_STRINGS_H 1
| #define HAVE_INTTYPES_H 1
| #define HAVE_STDINT_H 1
| #define HAVE_UNISTD_H 1
| #define HAVE_LOCALE_H 1
| #define HAVE_NETDB_H 1
| #define HAVE_INTTYPES_H 1
| #define HAVE_STDINT_H 1
| /* end confdefs.h.  */
| #include <stdio.h>
| #ifdef HAVE_SYS_TYPES_H
| # include <sys/types.h>
| #endif
| #ifdef HAVE_SYS_STAT_H
| # include <sys/stat.h>
| #endif
| #ifdef STDC_HEADERS
| # include <stdlib.h>
| # include <stddef.h>
| #else
| # ifdef HAVE_STDLIB_H
| #  include <stdlib.h>
| # endif
| #endif
| #ifdef HAVE_STRING_H
| # if !defined STDC_HEADERS && defined HAVE_MEMORY_H
| #  include <memory.h>
| # endif
| # include <string.h>
| #endif
| #ifdef HAVE_STRINGS_H
| # include <strings.h>
| #endif
| #ifdef HAVE_INTTYPES_H
| # include <inttypes.h>
| #endif
| #ifdef HAVE_STDINT_H
| # include <stdint.h>
| #endif
| #ifdef HAVE_UNISTD_H
| # include <unistd.h>
| #endif
| #include <dev/ciss/cissio.h>
configure:5440: result: no
configure:5440: checking dev/ciss/cissio.h presence
configure:5440: g++ -E  conftest.cpp
conftest.cpp:31:29: error: dev/ciss/cissio.h: No such file or directory
configure:5440: $? = 1
configure: failed program was:
| /* confdefs.h */
| #define PACKAGE_NAME "smartmontools"
| #define PACKAGE_TARNAME "smartmontools"
| #define PACKAGE_VERSION "6.1"
| #define PACKAGE_STRING "smartmontools 6.1"
| #define PACKAGE_BUGREPORT "smartmontools-support@lists.sourceforge.net"
| #define PACKAGE_URL ""
| #define SMARTMONTOOLS_CONFIGURE_ARGS " '--prefix' '/usr'"
| #define SMARTMONTOOLS_CONFIGURE_DATE "2013-04-10 17:13:59 UTC"
| #define SMARTMONTOOLS_RELEASE_DATE "2013-03-16"
| #define SMARTMONTOOLS_RELEASE_TIME "14:35:27 UTC"
| #define CONFIG_H_CVSID "$Id: configure.ac 3800 2013-03-16 14:36:20Z chrfranke $"
| #define PACKAGE_HOMEPAGE "http://smartmontools.sourceforge.net/"
| #define PACKAGE "smartmontools"
| #define VERSION "6.1"
| #define STDC_HEADERS 1
| #define HAVE_SYS_TYPES_H 1
| #define HAVE_SYS_STAT_H 1
| #define HAVE_STDLIB_H 1
| #define HAVE_STRING_H 1
| #define HAVE_MEMORY_H 1
| #define HAVE_STRINGS_H 1
| #define HAVE_INTTYPES_H 1
| #define HAVE_STDINT_H 1
| #define HAVE_UNISTD_H 1
| #define HAVE_LOCALE_H 1
| #define HAVE_NETDB_H 1
| #define HAVE_INTTYPES_H 1
| #define HAVE_STDINT_H 1
| /* end confdefs.h.  */
| #include <dev/ciss/cissio.h>
configure:5440: result: no
configure:5440: checking for dev/ciss/cissio.h
configure:5440: result: no
configure:5459: checking for linux/cciss_ioctl.h
configure:5459: g++ -c -g -O2  conftest.cpp >&5
configure:5459: $? = 0
configure:5459: result: yes
configure:5477: checking for ntdddisk.h
configure:5477: g++ -c -g -O2  conftest.cpp >&5
conftest.cpp:66:21: error: windows.h: No such file or directory
conftest.cpp:69:22: error: ntdddisk.h: No such file or directory
configure:5477: $? = 1
configure: failed program was:
| /* confdefs.h */
| #define PACKAGE_NAME "smartmontools"
| #define PACKAGE_TARNAME "smartmontools"
| #define PACKAGE_VERSION "6.1"
| #define PACKAGE_STRING "smartmontools 6.1"
| #define PACKAGE_BUGREPORT "smartmontools-support@lists.sourceforge.net"
| #define PACKAGE_URL ""
| #define SMARTMONTOOLS_CONFIGURE_ARGS " '--prefix' '/usr'"
| #define SMARTMONTOOLS_CONFIGURE_DATE "2013-04-10 17:13:59 UTC"
| #define SMARTMONTOOLS_RELEASE_DATE "2013-03-16"
| #define SMARTMONTOOLS_RELEASE_TIME "14:35:27 UTC"
| #define CONFIG_H_CVSID "$Id: configure.ac 3800 2013-03-16 14:36:20Z chrfranke $"
| #define PACKAGE_HOMEPAGE "http://smartmontools.sourceforge.net/"
| #define PACKAGE "smartmontools"
| #define VERSION "6.1"
| #define STDC_HEADERS 1
| #define HAVE_SYS_TYPES_H 1
| #define HAVE_SYS_STAT_H 1
| #define HAVE_STDLIB_H 1
| #define HAVE_STRING_H 1
| #define HAVE_MEMORY_H 1
| #define HAVE_STRINGS_H 1
| #define HAVE_INTTYPES_H 1
| #define HAVE_STDINT_H 1
| #define HAVE_UNISTD_H 1
| #define HAVE_LOCALE_H 1
| #define HAVE_NETDB_H 1
| #define HAVE_INTTYPES_H 1
| #define HAVE_STDINT_H 1
| #define CISS_LOCATION "cissio_freebsd.h"
| #define HAVE_LINUX_CCISS_IOCTL_H 1
| /* end confdefs.h.  */
| #include <stdio.h>
| #ifdef HAVE_SYS_TYPES_H
| # include <sys/types.h>
| #endif
| #ifdef HAVE_SYS_STAT_H
| # include <sys/stat.h>
| #endif
| #ifdef STDC_HEADERS
| # include <stdlib.h>
| # include <stddef.h>
| #else
| # ifdef HAVE_STDLIB_H
| #  include <stdlib.h>
| # endif
| #endif
| #ifdef HAVE_STRING_H
| # if !defined STDC_HEADERS && defined HAVE_MEMORY_H
| #  include <memory.h>
| # endif
| # include <string.h>
| #endif
| #ifdef HAVE_STRINGS_H
| # include <strings.h>
| #endif
| #ifdef HAVE_INTTYPES_H
| # include <inttypes.h>
| #endif
| #ifdef HAVE_STDINT_H
| # include <stdint.h>
| #endif
| #ifdef HAVE_UNISTD_H
| # include <unistd.h>
| #endif
| #include <windows.h>
| 
| 
| #include <ntdddisk.h>
configure:5477: result: no
configure:5477: checking for ddk/ntdddisk.h
configure:5477: g++ -c -g -O2  conftest.cpp >&5
conftest.cpp:66:21: error: windows.h: No such file or directory
conftest.cpp:69:26: error: ddk/ntdddisk.h: No such file or directory
configure:5477: $? = 1
configure: failed program was:
| /* confdefs.h */
| #define PACKAGE_NAME "smartmontools"
| #define PACKAGE_TARNAME "smartmontools"
| #define PACKAGE_VERSION "6.1"
| #define PACKAGE_STRING "smartmontools 6.1"
| #define PACKAGE_BUGREPORT "smartmontools-support@lists.sourceforge.net"
| #define PACKAGE_URL ""
| #define SMARTMONTOOLS_CONFIGURE_ARGS " '--prefix' '/usr'"
| #define SMARTMONTOOLS_CONFIGURE_DATE "2013-04-10 17:13:59 UTC"
| #define SMARTMONTOOLS_RELEASE_DATE "2013-03-16"
| #define SMARTMONTOOLS_RELEASE_TIME "14:35:27 UTC"
| #define CONFIG_H_CVSID "$Id: configure.ac 3800 2013-03-16 14:36:20Z chrfranke $"
| #define PACKAGE_HOMEPAGE "http://smartmontools.sourceforge.net/"
| #define PACKAGE "smartmontools"
| #define VERSION "6.1"
| #define STDC_HEADERS 1
| #define HAVE_SYS_TYPES_H 1
| #define HAVE_SYS_STAT_H 1
| #define HAVE_STDLIB_H 1
| #define HAVE_STRING_H 1
| #define HAVE_MEMORY_H 1
| #define HAVE_STRINGS_H 1
| #define HAVE_INTTYPES_H 1
| #define HAVE_STDINT_H 1
| #define HAVE_UNISTD_H 1
| #define HAVE_LOCALE_H 1
| #define HAVE_NETDB_H 1
| #define HAVE_INTTYPES_H 1
| #define HAVE_STDINT_H 1
| #define CISS_LOCATION "cissio_freebsd.h"
| #define HAVE_LINUX_CCISS_IOCTL_H 1
| /* end confdefs.h.  */
| #include <stdio.h>
| #ifdef HAVE_SYS_TYPES_H
| # include <sys/types.h>
| #endif
| #ifdef HAVE_SYS_STAT_H
| # include <sys/stat.h>
| #endif
| #ifdef STDC_HEADERS
| # include <stdlib.h>
| # include <stddef.h>
| #else
| # ifdef HAVE_STDLIB_H
| #  include <stdlib.h>
| # endif
| #endif
| #ifdef HAVE_STRING_H
| # if !defined STDC_HEADERS && defined HAVE_MEMORY_H
| #  include <memory.h>
| # endif
| # include <string.h>
| #endif
| #ifdef HAVE_STRINGS_H
| # include <strings.h>
| #endif
| #ifdef HAVE_INTTYPES_H
| # include <inttypes.h>
| #endif
| #ifdef HAVE_STDINT_H
| # include <stdint.h>
| #endif
| #ifdef HAVE_UNISTD_H
| # include <unistd.h>
| #endif
| #include <windows.h>
| 
| 
| #include <ddk/ntdddisk.h>
configure:5477: result: no
configure:5492: checking wbemcli.h usability
configure:5492: g++ -c -g -O2  conftest.cpp >&5
conftest.cpp:66:21: error: wbemcli.h: No such file or directory
configure:5492: $? = 1
configure: failed program was:
| /* confdefs.h */
| #define PACKAGE_NAME "smartmontools"
| #define PACKAGE_TARNAME "smartmontools"
| #define PACKAGE_VERSION "6.1"
| #define PACKAGE_STRING "smartmontools 6.1"
| #define PACKAGE_BUGREPORT "smartmontools-support@lists.sourceforge.net"
| #define PACKAGE_URL ""
| #define SMARTMONTOOLS_CONFIGURE_ARGS " '--prefix' '/usr'"
| #define SMARTMONTOOLS_CONFIGURE_DATE "2013-04-10 17:13:59 UTC"
| #define SMARTMONTOOLS_RELEASE_DATE "2013-03-16"
| #define SMARTMONTOOLS_RELEASE_TIME "14:35:27 UTC"
| #define CONFIG_H_CVSID "$Id: configure.ac 3800 2013-03-16 14:36:20Z chrfranke $"
| #define PACKAGE_HOMEPAGE "http://smartmontools.sourceforge.net/"
| #define PACKAGE "smartmontools"
| #define VERSION "6.1"
| #define STDC_HEADERS 1
| #define HAVE_SYS_TYPES_H 1
| #define HAVE_SYS_STAT_H 1
| #define HAVE_STDLIB_H 1
| #define HAVE_STRING_H 1
| #define HAVE_MEMORY_H 1
| #define HAVE_STRINGS_H 1
| #define HAVE_INTTYPES_H 1
| #define HAVE_STDINT_H 1
| #define HAVE_UNISTD_H 1
| #define HAVE_LOCALE_H 1
| #define HAVE_NETDB_H 1
| #define HAVE_INTTYPES_H 1
| #define HAVE_STDINT_H 1
| #define CISS_LOCATION "cissio_freebsd.h"
| #define HAVE_LINUX_CCISS_IOCTL_H 1
| /* end confdefs.h.  */
| #include <stdio.h>
| #ifdef HAVE_SYS_TYPES_H
| # include <sys/types.h>
| #endif
| #ifdef HAVE_SYS_STAT_H
| # include <sys/stat.h>
| #endif
| #ifdef STDC_HEADERS
| # include <stdlib.h>
| # include <stddef.h>
| #else
| # ifdef HAVE_STDLIB_H
| #  include <stdlib.h>
| # endif
| #endif
| #ifdef HAVE_STRING_H
| # if !defined STDC_HEADERS && defined HAVE_MEMORY_H
| #  include <memory.h>
| # endif
| # include <string.h>
| #endif
| #ifdef HAVE_STRINGS_H
| # include <strings.h>
| #endif
| #ifdef HAVE_INTTYPES_H
| # include <inttypes.h>
| #endif
| #ifdef HAVE_STDINT_H
| # include <stdint.h>
| #endif
| #ifdef HAVE_UNISTD_H
| # include <unistd.h>
| #endif
| #include <wbemcli.h>
configure:5492: result: no
configure:5492: checking wbemcli.h presence
configure:5492: g++ -E  conftest.cpp
conftest.cpp:33:21: error: wbemcli.h: No such file or directory
configure:5492: $? = 1
configure: failed program was:
| /* confdefs.h */
| #define PACKAGE_NAME "smartmontools"
| #define PACKAGE_TARNAME "smartmontools"
| #define PACKAGE_VERSION "6.1"
| #define PACKAGE_STRING "smartmontools 6.1"
| #define PACKAGE_BUGREPORT "smartmontools-support@lists.sourceforge.net"
| #define PACKAGE_URL ""
| #define SMARTMONTOOLS_CONFIGURE_ARGS " '--prefix' '/usr'"
| #define SMARTMONTOOLS_CONFIGURE_DATE "2013-04-10 17:13:59 UTC"
| #define SMARTMONTOOLS_RELEASE_DATE "2013-03-16"
| #define SMARTMONTOOLS_RELEASE_TIME "14:35:27 UTC"
| #define CONFIG_H_CVSID "$Id: configure.ac 3800 2013-03-16 14:36:20Z chrfranke $"
| #define PACKAGE_HOMEPAGE "http://smartmontools.sourceforge.net/"
| #define PACKAGE "smartmontools"
| #define VERSION "6.1"
| #define STDC_HEADERS 1
| #define HAVE_SYS_TYPES_H 1
| #define HAVE_SYS_STAT_H 1
| #define HAVE_STDLIB_H 1
| #define HAVE_STRING_H 1
| #define HAVE_MEMORY_H 1
| #define HAVE_STRINGS_H 1
| #define HAVE_INTTYPES_H 1
| #define HAVE_STDINT_H 1
| #define HAVE_UNISTD_H 1
| #define HAVE_LOCALE_H 1
| #define HAVE_NETDB_H 1
| #define HAVE_INTTYPES_H 1
| #define HAVE_STDINT_H 1
| #define CISS_LOCATION "cissio_freebsd.h"
| #define HAVE_LINUX_CCISS_IOCTL_H 1
| /* end confdefs.h.  */
| #include <wbemcli.h>
configure:5492: result: no
configure:5492: checking for wbemcli.h
configure:5492: result: no
configure:5503: checking for int64_t
configure:5503: g++ -c -g -O2  conftest.cpp >&5
configure:5503: $? = 0
configure:5503: g++ -c -g -O2  conftest.cpp >&5
conftest.cpp: In function 'int main()':
conftest.cpp:69: error: expected primary-expression before ')' token
configure:5503: $? = 1
configure: failed program was:
| /* confdefs.h */
| #define PACKAGE_NAME "smartmontools"
| #define PACKAGE_TARNAME "smartmontools"
| #define PACKAGE_VERSION "6.1"
| #define PACKAGE_STRING "smartmontools 6.1"
| #define PACKAGE_BUGREPORT "smartmontools-support@lists.sourceforge.net"
| #define PACKAGE_URL ""
| #define SMARTMONTOOLS_CONFIGURE_ARGS " '--prefix' '/usr'"
| #define SMARTMONTOOLS_CONFIGURE_DATE "2013-04-10 17:13:59 UTC"
| #define SMARTMONTOOLS_RELEASE_DATE "2013-03-16"
| #define SMARTMONTOOLS_RELEASE_TIME "14:35:27 UTC"
| #define CONFIG_H_CVSID "$Id: configure.ac 3800 2013-03-16 14:36:20Z chrfranke $"
| #define PACKAGE_HOMEPAGE "http://smartmontools.sourceforge.net/"
| #define PACKAGE "smartmontools"
| #define VERSION "6.1"
| #define STDC_HEADERS 1
| #define HAVE_SYS_TYPES_H 1
| #define HAVE_SYS_STAT_H 1
| #define HAVE_STDLIB_H 1
| #define HAVE_STRING_H 1
| #define HAVE_MEMORY_H 1
| #define HAVE_STRINGS_H 1
| #define HAVE_INTTYPES_H 1
| #define HAVE_STDINT_H 1
| #define HAVE_UNISTD_H 1
| #define HAVE_LOCALE_H 1
| #define HAVE_NETDB_H 1
| #define HAVE_INTTYPES_H 1
| #define HAVE_STDINT_H 1
| #define CISS_LOCATION "cissio_freebsd.h"
| #define HAVE_LINUX_CCISS_IOCTL_H 1
| /* end confdefs.h.  */
| #include <stdio.h>
| #ifdef HAVE_SYS_TYPES_H
| # include <sys/types.h>
| #endif
| #ifdef HAVE_SYS_STAT_H
| # include <sys/stat.h>
| #endif
| #ifdef STDC_HEADERS
| # include <stdlib.h>
| # include <stddef.h>
| #else
| # ifdef HAVE_STDLIB_H
| #  include <stdlib.h>
| # endif
| #endif
| #ifdef HAVE_STRING_H
| # if !defined STDC_HEADERS && defined HAVE_MEMORY_H
| #  include <memory.h>
| # endif
| # include <string.h>
| #endif
| #ifdef HAVE_STRINGS_H
| # include <strings.h>
| #endif
| #ifdef HAVE_INTTYPES_H
| # include <inttypes.h>
| #endif
| #ifdef HAVE_STDINT_H
| # include <stdint.h>
| #endif
| #ifdef HAVE_UNISTD_H
| # include <unistd.h>
| #endif
| int
| main ()
| {
| if (sizeof ((int64_t)))
| 	    return 0;
|   ;
|   return 0;
| }
configure:5503: result: yes
configure:5512: checking for uint64_t
configure:5512: g++ -c -g -O2  conftest.cpp >&5
configure:5512: $? = 0
configure:5512: g++ -c -g -O2  conftest.cpp >&5
conftest.cpp: In function 'int main()':
conftest.cpp:70: error: expected primary-expression before ')' token
configure:5512: $? = 1
configure: failed program was:
| /* confdefs.h */
| #define PACKAGE_NAME "smartmontools"
| #define PACKAGE_TARNAME "smartmontools"
| #define PACKAGE_VERSION "6.1"
| #define PACKAGE_STRING "smartmontools 6.1"
| #define PACKAGE_BUGREPORT "smartmontools-support@lists.sourceforge.net"
| #define PACKAGE_URL ""
| #define SMARTMONTOOLS_CONFIGURE_ARGS " '--prefix' '/usr'"
| #define SMARTMONTOOLS_CONFIGURE_DATE "2013-04-10 17:13:59 UTC"
| #define SMARTMONTOOLS_RELEASE_DATE "2013-03-16"
| #define SMARTMONTOOLS_RELEASE_TIME "14:35:27 UTC"
| #define CONFIG_H_CVSID "$Id: configure.ac 3800 2013-03-16 14:36:20Z chrfranke $"
| #define PACKAGE_HOMEPAGE "http://smartmontools.sourceforge.net/"
| #define PACKAGE "smartmontools"
| #define VERSION "6.1"
| #define STDC_HEADERS 1
| #define HAVE_SYS_TYPES_H 1
| #define HAVE_SYS_STAT_H 1
| #define HAVE_STDLIB_H 1
| #define HAVE_STRING_H 1
| #define HAVE_MEMORY_H 1
| #define HAVE_STRINGS_H 1
| #define HAVE_INTTYPES_H 1
| #define HAVE_STDINT_H 1
| #define HAVE_UNISTD_H 1
| #define HAVE_LOCALE_H 1
| #define HAVE_NETDB_H 1
| #define HAVE_INTTYPES_H 1
| #define HAVE_STDINT_H 1
| #define CISS_LOCATION "cissio_freebsd.h"
| #define HAVE_LINUX_CCISS_IOCTL_H 1
| #define HAVE_INT64_T 1
| /* end confdefs.h.  */
| #include <stdio.h>
| #ifdef HAVE_SYS_TYPES_H
| # include <sys/types.h>
| #endif
| #ifdef HAVE_SYS_STAT_H
| # include <sys/stat.h>
| #endif
| #ifdef STDC_HEADERS
| # include <stdlib.h>
| # include <stddef.h>
| #else
| # ifdef HAVE_STDLIB_H
| #  include <stdlib.h>
| # endif
| #endif
| #ifdef HAVE_STRING_H
| # if !defined STDC_HEADERS && defined HAVE_MEMORY_H
| #  include <memory.h>
| # endif
| # include <string.h>
| #endif
| #ifdef HAVE_STRINGS_H
| # include <strings.h>
| #endif
| #ifdef HAVE_INTTYPES_H
| # include <inttypes.h>
| #endif
| #ifdef HAVE_STDINT_H
| # include <stdint.h>
| #endif
| #ifdef HAVE_UNISTD_H
| # include <unistd.h>
| #endif
| int
| main ()
| {
| if (sizeof ((uint64_t)))
| 	    return 0;
|   ;
|   return 0;
| }
configure:5512: result: yes
configure:5525: checking for getopt_long
configure:5525: g++ -o conftest -g -O2   conftest.cpp  >&5
configure:5525: $? = 0
configure:5525: result: yes
configure:5546: checking for regcomp
configure:5546: g++ -o conftest -g -O2   conftest.cpp  >&5
configure:5546: $? = 0
configure:5546: result: yes
configure:5568: checking for sigset
configure:5568: g++ -o conftest -g -O2   conftest.cpp  >&5
configure:5568: $? = 0
configure:5568: result: yes
configure:5579: checking for strtoull
configure:5579: g++ -o conftest -g -O2   conftest.cpp  >&5
configure:5579: $? = 0
configure:5579: result: yes
configure:5590: checking for uname
configure:5590: g++ -o conftest -g -O2   conftest.cpp  >&5
configure:5590: $? = 0
configure:5590: result: yes
configure:5602: checking for clock_gettime
configure:5602: g++ -o conftest -g -O2   conftest.cpp  >&5
/tmp/ccEBD1LM.o: In function `main':
/chroot/home/nexcmartin/smartmontools-6.1/conftest.cpp:74: undefined reference to `clock_gettime'
collect2: ld returned 1 exit status
configure:5602: $? = 1
configure: failed program was:
| /* confdefs.h */
| #define PACKAGE_NAME "smartmontools"
| #define PACKAGE_TARNAME "smartmontools"
| #define PACKAGE_VERSION "6.1"
| #define PACKAGE_STRING "smartmontools 6.1"
| #define PACKAGE_BUGREPORT "smartmontools-support@lists.sourceforge.net"
| #define PACKAGE_URL ""
| #define SMARTMONTOOLS_CONFIGURE_ARGS " '--prefix' '/usr'"
| #define SMARTMONTOOLS_CONFIGURE_DATE "2013-04-10 17:13:59 UTC"
| #define SMARTMONTOOLS_RELEASE_DATE "2013-03-16"
| #define SMARTMONTOOLS_RELEASE_TIME "14:35:27 UTC"
| #define CONFIG_H_CVSID "$Id: configure.ac 3800 2013-03-16 14:36:20Z chrfranke $"
| #define PACKAGE_HOMEPAGE "http://smartmontools.sourceforge.net/"
| #define PACKAGE "smartmontools"
| #define VERSION "6.1"
| #define STDC_HEADERS 1
| #define HAVE_SYS_TYPES_H 1
| #define HAVE_SYS_STAT_H 1
| #define HAVE_STDLIB_H 1
| #define HAVE_STRING_H 1
| #define HAVE_MEMORY_H 1
| #define HAVE_STRINGS_H 1
| #define HAVE_INTTYPES_H 1
| #define HAVE_STDINT_H 1
| #define HAVE_UNISTD_H 1
| #define HAVE_LOCALE_H 1
| #define HAVE_NETDB_H 1
| #define HAVE_INTTYPES_H 1
| #define HAVE_STDINT_H 1
| #define CISS_LOCATION "cissio_freebsd.h"
| #define HAVE_LINUX_CCISS_IOCTL_H 1
| #define HAVE_INT64_T 1
| #define HAVE_UINT64_T 1
| #define HAVE_GETOPT_LONG 1
| #define HAVE_REGCOMP 1
| #define HAVE_SIGSET 1
| #define HAVE_STRTOULL 1
| #define HAVE_UNAME 1
| /* end confdefs.h.  */
| /* Define clock_gettime to an innocuous variant, in case <limits.h> declares clock_gettime.
|    For example, HP-UX 11i <limits.h> declares gettimeofday.  */
| #define clock_gettime innocuous_clock_gettime
| 
| /* System header to define __stub macros and hopefully few prototypes,
|     which can conflict with char clock_gettime (); below.
|     Prefer <limits.h> to <assert.h> if __STDC__ is defined, since
|     <limits.h> exists even on freestanding compilers.  */
| 
| #ifdef __STDC__
| # include <limits.h>
| #else
| # include <assert.h>
| #endif
| 
| #undef clock_gettime
| 
| /* Override any GCC internal prototype to avoid an error.
|    Use char because int might match the return type of a GCC
|    builtin and then its argument prototype would still apply.  */
| #ifdef __cplusplus
| extern "C"
| #endif
| char clock_gettime ();
| /* The GNU C library defines this for functions which it implements
|     to always fail with ENOSYS.  Some functions are actually named
|     something starting with __ and the normal name is an alias.  */
| #if defined __stub_clock_gettime || defined __stub___clock_gettime
| choke me
| #endif
| 
| int
| main ()
| {
| return clock_gettime ();
|   ;
|   return 0;
| }
configure:5602: result: no
configure:5602: checking for ftime
configure:5602: g++ -o conftest -g -O2   conftest.cpp  >&5
configure:5602: $? = 0
configure:5602: result: yes
configure:5602: checking for gettimeofday
configure:5602: g++ -o conftest -g -O2   conftest.cpp  >&5
configure:5602: $? = 0
configure:5602: result: yes
configure:5613: checking whether byte ordering is bigendian
configure:5628: g++ -c -g -O2  conftest.cpp >&5
conftest.cpp:43: error: expected unqualified-id before '!' token
configure:5628: $? = 1
configure: failed program was:
| /* confdefs.h */
| #define PACKAGE_NAME "smartmontools"
| #define PACKAGE_TARNAME "smartmontools"
| #define PACKAGE_VERSION "6.1"
| #define PACKAGE_STRING "smartmontools 6.1"
| #define PACKAGE_BUGREPORT "smartmontools-support@lists.sourceforge.net"
| #define PACKAGE_URL ""
| #define SMARTMONTOOLS_CONFIGURE_ARGS " '--prefix' '/usr'"
| #define SMARTMONTOOLS_CONFIGURE_DATE "2013-04-10 17:13:59 UTC"
| #define SMARTMONTOOLS_RELEASE_DATE "2013-03-16"
| #define SMARTMONTOOLS_RELEASE_TIME "14:35:27 UTC"
| #define CONFIG_H_CVSID "$Id: configure.ac 3800 2013-03-16 14:36:20Z chrfranke $"
| #define PACKAGE_HOMEPAGE "http://smartmontools.sourceforge.net/"
| #define PACKAGE "smartmontools"
| #define VERSION "6.1"
| #define STDC_HEADERS 1
| #define HAVE_SYS_TYPES_H 1
| #define HAVE_SYS_STAT_H 1
| #define HAVE_STDLIB_H 1
| #define HAVE_STRING_H 1
| #define HAVE_MEMORY_H 1
| #define HAVE_STRINGS_H 1
| #define HAVE_INTTYPES_H 1
| #define HAVE_STDINT_H 1
| #define HAVE_UNISTD_H 1
| #define HAVE_LOCALE_H 1
| #define HAVE_NETDB_H 1
| #define HAVE_INTTYPES_H 1
| #define HAVE_STDINT_H 1
| #define CISS_LOCATION "cissio_freebsd.h"
| #define HAVE_LINUX_CCISS_IOCTL_H 1
| #define HAVE_INT64_T 1
| #define HAVE_UINT64_T 1
| #define HAVE_GETOPT_LONG 1
| #define HAVE_REGCOMP 1
| #define HAVE_SIGSET 1
| #define HAVE_STRTOULL 1
| #define HAVE_UNAME 1
| #define HAVE_FTIME 1
| #define HAVE_GETTIMEOFDAY 1
| /* end confdefs.h.  */
| #ifndef __APPLE_CC__
| 	       not a universal capable compiler
| 	     #endif
| 	     typedef int dummy;
| 
configure:5673: g++ -c -g -O2  conftest.cpp >&5
configure:5673: $? = 0
configure:5691: g++ -c -g -O2  conftest.cpp >&5
conftest.cpp: In function 'int main()':
conftest.cpp:49: error: 'big' was not declared in this scope
conftest.cpp:49: error: expected ';' before 'endian'
configure:5691: $? = 1
configure: failed program was:
| /* confdefs.h */
| #define PACKAGE_NAME "smartmontools"
| #define PACKAGE_TARNAME "smartmontools"
| #define PACKAGE_VERSION "6.1"
| #define PACKAGE_STRING "smartmontools 6.1"
| #define PACKAGE_BUGREPORT "smartmontools-support@lists.sourceforge.net"
| #define PACKAGE_URL ""
| #define SMARTMONTOOLS_CONFIGURE_ARGS " '--prefix' '/usr'"
| #define SMARTMONTOOLS_CONFIGURE_DATE "2013-04-10 17:13:59 UTC"
| #define SMARTMONTOOLS_RELEASE_DATE "2013-03-16"
| #define SMARTMONTOOLS_RELEASE_TIME "14:35:27 UTC"
| #define CONFIG_H_CVSID "$Id: configure.ac 3800 2013-03-16 14:36:20Z chrfranke $"
| #define PACKAGE_HOMEPAGE "http://smartmontools.sourceforge.net/"
| #define PACKAGE "smartmontools"
| #define VERSION "6.1"
| #define STDC_HEADERS 1
| #define HAVE_SYS_TYPES_H 1
| #define HAVE_SYS_STAT_H 1
| #define HAVE_STDLIB_H 1
| #define HAVE_STRING_H 1
| #define HAVE_MEMORY_H 1
| #define HAVE_STRINGS_H 1
| #define HAVE_INTTYPES_H 1
| #define HAVE_STDINT_H 1
| #define HAVE_UNISTD_H 1
| #define HAVE_LOCALE_H 1
| #define HAVE_NETDB_H 1
| #define HAVE_INTTYPES_H 1
| #define HAVE_STDINT_H 1
| #define CISS_LOCATION "cissio_freebsd.h"
| #define HAVE_LINUX_CCISS_IOCTL_H 1
| #define HAVE_INT64_T 1
| #define HAVE_UINT64_T 1
| #define HAVE_GETOPT_LONG 1
| #define HAVE_REGCOMP 1
| #define HAVE_SIGSET 1
| #define HAVE_STRTOULL 1
| #define HAVE_UNAME 1
| #define HAVE_FTIME 1
| #define HAVE_GETTIMEOFDAY 1
| /* end confdefs.h.  */
| #include <sys/types.h>
| 		#include <sys/param.h>
| 
| int
| main ()
| {
| #if BYTE_ORDER != BIG_ENDIAN
| 		 not big endian
| 		#endif
| 
|   ;
|   return 0;
| }
configure:5819: result: no
configure:5839: checking for working snprintf
configure:5856: g++ -o conftest -g -O2   conftest.cpp  >&5
configure:5856: $? = 0
configure:5856: ./conftest
configure:5856: $? = 0
configure:5871: result: yes
configure:5877: checking whether g++ supports __attribute__((packed))
configure:5892: g++ -c -g -O2  conftest.cpp >&5
configure:5892: $? = 0
configure:5904: result: yes
configure:5924: checking for systemdsystemunitdir
configure:5927: result: no
configure:5960: checking for init (rc) directory
configure:5968: result: ${sysconfdir}/rc.d/init.d
configure:6208: checking for capng_clear in -lcap-ng
configure:6233: g++ -o conftest -g -O2   conftest.cpp -lcap-ng   >&5
/usr/bin/ld: cannot find -lcap-ng
collect2: ld returned 1 exit status
configure:6233: $? = 1
configure: failed program was:
| /* confdefs.h */
| #define PACKAGE_NAME "smartmontools"
| #define PACKAGE_TARNAME "smartmontools"
| #define PACKAGE_VERSION "6.1"
| #define PACKAGE_STRING "smartmontools 6.1"
| #define PACKAGE_BUGREPORT "smartmontools-support@lists.sourceforge.net"
| #define PACKAGE_URL ""
| #define SMARTMONTOOLS_CONFIGURE_ARGS " '--prefix' '/usr'"
| #define SMARTMONTOOLS_CONFIGURE_DATE "2013-04-10 17:13:59 UTC"
| #define SMARTMONTOOLS_RELEASE_DATE "2013-03-16"
| #define SMARTMONTOOLS_RELEASE_TIME "14:35:27 UTC"
| #define CONFIG_H_CVSID "$Id: configure.ac 3800 2013-03-16 14:36:20Z chrfranke $"
| #define PACKAGE_HOMEPAGE "http://smartmontools.sourceforge.net/"
| #define PACKAGE "smartmontools"
| #define VERSION "6.1"
| #define STDC_HEADERS 1
| #define HAVE_SYS_TYPES_H 1
| #define HAVE_SYS_STAT_H 1
| #define HAVE_STDLIB_H 1
| #define HAVE_STRING_H 1
| #define HAVE_MEMORY_H 1
| #define HAVE_STRINGS_H 1
| #define HAVE_INTTYPES_H 1
| #define HAVE_STDINT_H 1
| #define HAVE_UNISTD_H 1
| #define HAVE_LOCALE_H 1
| #define HAVE_NETDB_H 1
| #define HAVE_INTTYPES_H 1
| #define HAVE_STDINT_H 1
| #define CISS_LOCATION "cissio_freebsd.h"
| #define HAVE_LINUX_CCISS_IOCTL_H 1
| #define HAVE_INT64_T 1
| #define HAVE_UINT64_T 1
| #define HAVE_GETOPT_LONG 1
| #define HAVE_REGCOMP 1
| #define HAVE_SIGSET 1
| #define HAVE_STRTOULL 1
| #define HAVE_UNAME 1
| #define HAVE_FTIME 1
| #define HAVE_GETTIMEOFDAY 1
| #define HAVE_WORKING_SNPRINTF 1
| #define HAVE_ATTR_PACKED 1
| /* end confdefs.h.  */
| 
| /* Override any GCC internal prototype to avoid an error.
|    Use char because int might match the return type of a GCC
|    builtin and then its argument prototype would still apply.  */
| #ifdef __cplusplus
| extern "C"
| #endif
| char capng_clear ();
| int
| main ()
| {
| return capng_clear ();
|   ;
|   return 0;
| }
configure:6242: result: no
configure:6266: checking whether to use libcap-ng
configure:6277: result: no
configure:6418: checking whether os_linux.cpp uses new interface
configure:6429: result: yes
configure:6642: checking that generated files are newer than configure
configure:6648: result: done
configure:6744: creating ./config.status

## ---------------------- ##
## Running config.status. ##
## ---------------------- ##

This file was extended by smartmontools config.status 6.1, which was
generated by GNU Autoconf 2.69.  Invocation command line was

  CONFIG_FILES    = 
  CONFIG_HEADERS  = 
  CONFIG_LINKS    = 
  CONFIG_COMMANDS = 
  $ ./config.status 

on hddtest2.nexcess.net

config.status:955: creating Makefile
config.status:955: creating config.h
config.status:1184: executing depfiles commands
configure:8060: checking whether make sets $(MAKE)
configure:8082: result: yes

## ---------------- ##
## Cache variables. ##
## ---------------- ##

ac_cv_build=x86_64-unknown-linux-gnu
ac_cv_c_bigendian=no
ac_cv_c_compiler_gnu=yes
ac_cv_cxx_compiler_gnu=yes
ac_cv_env_CCASFLAGS_set=
ac_cv_env_CCASFLAGS_value=
ac_cv_env_CCAS_set=
ac_cv_env_CCAS_value=
ac_cv_env_CCC_set=
ac_cv_env_CCC_value=
ac_cv_env_CC_set=
ac_cv_env_CC_value=
ac_cv_env_CFLAGS_set=
ac_cv_env_CFLAGS_value=
ac_cv_env_CPPFLAGS_set=
ac_cv_env_CPPFLAGS_value=
ac_cv_env_CXXCPP_set=
ac_cv_env_CXXCPP_value=
ac_cv_env_CXXFLAGS_set=
ac_cv_env_CXXFLAGS_value=
ac_cv_env_CXX_set=
ac_cv_env_CXX_value=
ac_cv_env_LDFLAGS_set=
ac_cv_env_LDFLAGS_value=
ac_cv_env_LIBS_set=
ac_cv_env_LIBS_value=
ac_cv_env_MAKENSIS_set=
ac_cv_env_MAKENSIS_value=
ac_cv_env_PKG_CONFIG_LIBDIR_set=
ac_cv_env_PKG_CONFIG_LIBDIR_value=
ac_cv_env_PKG_CONFIG_PATH_set=
ac_cv_env_PKG_CONFIG_PATH_value=
ac_cv_env_PKG_CONFIG_set=
ac_cv_env_PKG_CONFIG_value=
ac_cv_env_WINDMC_set=
ac_cv_env_WINDMC_value=
ac_cv_env_WINDRES_set=
ac_cv_env_WINDRES_value=
ac_cv_env_build_alias_set=
ac_cv_env_build_alias_value=
ac_cv_env_host_alias_set=
ac_cv_env_host_alias_value=
ac_cv_env_target_alias_set=
ac_cv_env_target_alias_value=
ac_cv_func_clock_gettime=no
ac_cv_func_ftime=yes
ac_cv_func_getopt_long=yes
ac_cv_func_gettimeofday=yes
ac_cv_func_regcomp=yes
ac_cv_func_sigset=yes
ac_cv_func_strtoull=yes
ac_cv_func_uname=yes
ac_cv_header_ddk_ntdddisk_h=no
ac_cv_header_dev_ata_atavar_h=no
ac_cv_header_dev_ciss_cissio_h=no
ac_cv_header_inttypes_h=yes
ac_cv_header_linux_cciss_ioctl_h=yes
ac_cv_header_linux_compiler_h=no
ac_cv_header_locale_h=yes
ac_cv_header_memory_h=yes
ac_cv_header_netdb_h=yes
ac_cv_header_ntdddisk_h=no
ac_cv_header_stdc=yes
ac_cv_header_stdint_h=yes
ac_cv_header_stdlib_h=yes
ac_cv_header_string_h=yes
ac_cv_header_strings_h=yes
ac_cv_header_sys_int_types_h=no
ac_cv_header_sys_inttypes_h=no
ac_cv_header_sys_stat_h=yes
ac_cv_header_sys_tw_osl_ioctl_h=no
ac_cv_header_sys_tweio_h=no
ac_cv_header_sys_twereg_h=no
ac_cv_header_sys_types_h=yes
ac_cv_header_unistd_h=yes
ac_cv_header_wbemcli_h=no
ac_cv_host=x86_64-unknown-linux-gnu
ac_cv_lib_cap_ng_capng_clear=no
ac_cv_objext=o
ac_cv_path_EGREP='/bin/grep -E'
ac_cv_path_GREP=/bin/grep
ac_cv_path_ac_pt_PKG_CONFIG=/usr/bin/pkg-config
ac_cv_path_install='/usr/bin/install -c'
ac_cv_path_mkdir=/bin/mkdir
ac_cv_prog_AWK=gawk
ac_cv_prog_CXXCPP='g++ -E'
ac_cv_prog_ac_ct_CC=gcc
ac_cv_prog_ac_ct_CXX=g++
ac_cv_prog_cc_c89=
ac_cv_prog_cc_g=yes
ac_cv_prog_cxx_g=yes
ac_cv_prog_make_make_set=yes
ac_cv_type_int64_t=yes
ac_cv_type_uint64_t=yes
am_cv_CCAS_dependencies_compiler_type=gcc3
am_cv_CC_dependencies_compiler_type=gcc3
am_cv_CXX_dependencies_compiler_type=gcc3

## ----------------- ##
## Output variables. ##
## ----------------- ##

ACLOCAL='${SHELL} /chroot/home/nexcmartin/smartmontools-6.1/missing --run aclocal-1.12'
AMDEPBACKSLASH='\'
AMDEP_FALSE='#'
AMDEP_TRUE=''
AMTAR='$${TAR-tar}'
ASFLAGS=''
AUTOCONF='${SHELL} /chroot/home/nexcmartin/smartmontools-6.1/missing --run autoconf'
AUTOHEADER='${SHELL} /chroot/home/nexcmartin/smartmontools-6.1/missing --run autoheader'
AUTOMAKE='${SHELL} /chroot/home/nexcmartin/smartmontools-6.1/missing --run automake-1.12'
AWK='gawk'
CAPNG_LDADD=''
CC='gcc'
CCAS='gcc'
CCASDEPMODE='depmode=gcc3'
CCASFLAGS='-g -O2'
CCDEPMODE='depmode=gcc3'
CFLAGS='-g -O2'
CPPFLAGS=''
CXX='g++'
CXXCPP='g++ -E'
CXXDEPMODE='depmode=gcc3'
CXXFLAGS='-g -O2 -Wall -W'
CYGPATH_W='echo'
DEFS='-DHAVE_CONFIG_H'
DEPDIR='.deps'
DRIVEDB_BRANCH='RELEASE_6_1_DRIVEDB'
ECHO_C=''
ECHO_N='-n'
ECHO_T=''
EGREP='/bin/grep -E'
ENABLE_ATTRIBUTELOG_FALSE=''
ENABLE_ATTRIBUTELOG_TRUE='#'
ENABLE_CAPABILITIES_FALSE=''
ENABLE_CAPABILITIES_TRUE='#'
ENABLE_DRIVEDB_FALSE='#'
ENABLE_DRIVEDB_TRUE=''
ENABLE_SAVESTATES_FALSE=''
ENABLE_SAVESTATES_TRUE='#'
EXEEXT=''
GREP='/bin/grep'
INSTALL_DATA='${INSTALL} -m 644'
INSTALL_INITSCRIPT_FALSE='#'
INSTALL_INITSCRIPT_TRUE=''
INSTALL_PROGRAM='${INSTALL}'
INSTALL_SCRIPT='${INSTALL}'
INSTALL_STRIP_PROGRAM='$(install_sh) -c -s'
INSTALL_SYSTEMDUNIT_FALSE=''
INSTALL_SYSTEMDUNIT_TRUE='#'
IS_SVN_BUILD_FALSE=''
IS_SVN_BUILD_TRUE='#'
LDFLAGS=''
LIBOBJS=''
LIBS=''
LTLIBOBJS=''
MAINT='#'
MAINTAINER_MODE_FALSE=''
MAINTAINER_MODE_TRUE='#'
MAKEINFO='${SHELL} /chroot/home/nexcmartin/smartmontools-6.1/missing --run makeinfo'
MAKENSIS=''
MKDIR_P='/bin/mkdir -p'
NEED_GETOPT_LONG_FALSE=''
NEED_GETOPT_LONG_TRUE='#'
NEED_REGEX_FALSE=''
NEED_REGEX_TRUE='#'
OBJEXT='o'
OS_DARWIN_FALSE=''
OS_DARWIN_TRUE='#'
OS_SOLARIS_FALSE=''
OS_SOLARIS_TRUE='#'
OS_WIN32_FALSE=''
OS_WIN32_MINGW_FALSE=''
OS_WIN32_MINGW_TRUE='#'
OS_WIN32_NSIS_FALSE=''
OS_WIN32_NSIS_TRUE='#'
OS_WIN32_TRUE='#'
OS_WIN64_FALSE=''
OS_WIN64_TRUE='#'
PACKAGE='smartmontools'
PACKAGE_BUGREPORT='smartmontools-support@lists.sourceforge.net'
PACKAGE_NAME='smartmontools'
PACKAGE_STRING='smartmontools 6.1'
PACKAGE_TARNAME='smartmontools'
PACKAGE_URL=''
PACKAGE_VERSION='6.1'
PATH_SEPARATOR=':'
PKG_CONFIG='/usr/bin/pkg-config'
PKG_CONFIG_LIBDIR=''
PKG_CONFIG_PATH=''
SET_MAKE=''
SHELL='/bin/sh'
STRIP=''
VERSION='6.1'
WINDMC=''
WINDRES=''
ac_ct_CC='gcc'
ac_ct_CXX='g++'
am__EXEEXT_FALSE=''
am__EXEEXT_TRUE='#'
am__fastdepCCAS_FALSE='#'
am__fastdepCCAS_TRUE=''
am__fastdepCC_FALSE='#'
am__fastdepCC_TRUE=''
am__fastdepCXX_FALSE='#'
am__fastdepCXX_TRUE=''
am__include='include'
am__isrc=''
am__leading_dot='.'
am__nodep='_no'
am__quote=''
am__tar='$${TAR-tar} chof - "$$tardir"'
am__untar='$${TAR-tar} xf -'
attributelog=''
attributelogdir=''
bindir='${exec_prefix}/bin'
build='x86_64-unknown-linux-gnu'
build_alias=''
build_cpu='x86_64'
build_os='linux-gnu'
build_vendor='unknown'
datadir='${datarootdir}'
datarootdir='${prefix}/share'
docdir='${datarootdir}/doc/${PACKAGE_TARNAME}'
drivedbdir='${datadir}/${PACKAGE}'
dvidir='${docdir}'
exampledir='${docdir}/examplescripts'
exec_prefix='${prefix}'
gcc_have_attr_packed='yes'
host='x86_64-unknown-linux-gnu'
host_alias=''
host_cpu='x86_64'
host_os='linux-gnu'
host_vendor='unknown'
htmldir='${docdir}'
includedir='${prefix}/include'
infodir='${datarootdir}/info'
initddir='${sysconfdir}/rc.d/init.d'
initdfile='smartd.initd'
install_sh='${SHELL} /chroot/home/nexcmartin/smartmontools-6.1/install-sh'
libc_have_working_snprintf='yes'
libdir='${exec_prefix}/lib'
libexecdir='${exec_prefix}/libexec'
localedir='${datarootdir}/locale'
localstatedir='${prefix}/var'
mandir='${datarootdir}/man'
mkdir_p='$(MKDIR_P)'
oldincludedir='/usr/include'
os_deps='os_linux.o cciss.o dev_areca.o'
os_dltools='curl wget lynx'
os_libs=''
os_mailer='mail'
os_man_filter='Linux'
pdfdir='${docdir}'
prefix='/usr'
program_transform_name='s,x,x,'
psdir='${docdir}'
releaseversion='${PACKAGE}-${VERSION}'
savestates=''
savestatesdir=''
sbindir='${exec_prefix}/sbin'
sharedstatedir='${prefix}/com'
smartd_suffix=''
smartmontools_release_date='2013-03-16'
smartmontools_release_time='14:35:27 UTC'
svn_deps=''
sysconfdir='${prefix}/etc'
systemdsystemunitdir=''
target_alias=''
with_selinux=''

## ----------- ##
## confdefs.h. ##
## ----------- ##

/* confdefs.h */
#define PACKAGE_NAME "smartmontools"
#define PACKAGE_TARNAME "smartmontools"
#define PACKAGE_VERSION "6.1"
#define PACKAGE_STRING "smartmontools 6.1"
#define PACKAGE_BUGREPORT "smartmontools-support@lists.sourceforge.net"
#define PACKAGE_URL ""
#define SMARTMONTOOLS_CONFIGURE_ARGS " '--prefix' '/usr'"
#define SMARTMONTOOLS_CONFIGURE_DATE "2013-04-10 17:13:59 UTC"
#define SMARTMONTOOLS_RELEASE_DATE "2013-03-16"
#define SMARTMONTOOLS_RELEASE_TIME "14:35:27 UTC"
#define CONFIG_H_CVSID "$Id: configure.ac 3800 2013-03-16 14:36:20Z chrfranke $"
#define PACKAGE_HOMEPAGE "http://smartmontools.sourceforge.net/"
#define PACKAGE "smartmontools"
#define VERSION "6.1"
#define STDC_HEADERS 1
#define HAVE_SYS_TYPES_H 1
#define HAVE_SYS_STAT_H 1
#define HAVE_STDLIB_H 1
#define HAVE_STRING_H 1
#define HAVE_MEMORY_H 1
#define HAVE_STRINGS_H 1
#define HAVE_INTTYPES_H 1
#define HAVE_STDINT_H 1
#define HAVE_UNISTD_H 1
#define HAVE_LOCALE_H 1
#define HAVE_NETDB_H 1
#define HAVE_INTTYPES_H 1
#define HAVE_STDINT_H 1
#define CISS_LOCATION "cissio_freebsd.h"
#define HAVE_LINUX_CCISS_IOCTL_H 1
#define HAVE_INT64_T 1
#define HAVE_UINT64_T 1
#define HAVE_GETOPT_LONG 1
#define HAVE_REGCOMP 1
#define HAVE_SIGSET 1
#define HAVE_STRTOULL 1
#define HAVE_UNAME 1
#define HAVE_FTIME 1
#define HAVE_GETTIMEOFDAY 1
#define HAVE_WORKING_SNPRINTF 1
#define HAVE_ATTR_PACKED 1
#define SMARTMONTOOLS_BUILD_HOST "x86_64-unknown-linux-gnu"

configure: exit 0


## ---------------------- ##
## Running config.status. ##
## ---------------------- ##

This file was extended by smartmontools config.status 6.1, which was
generated by GNU Autoconf 2.69.  Invocation command line was

  CONFIG_FILES    = 
  CONFIG_HEADERS  = 
  CONFIG_LINKS    = 
  CONFIG_COMMANDS = 
  $ ./config.status --file=smartd_warning.sh

on hddtest2.nexcess.net

## ---------------------- ##
## Running config.status. ##
## ---------------------- ##

This file was extended by smartmontools config.status 6.1, which was
generated by GNU Autoconf 2.69.  Invocation command line was

  CONFIG_FILES    = 
  CONFIG_HEADERS  = 
  CONFIG_LINKS    = 
  CONFIG_COMMANDS = 
  $ ./config.status --file=update-smart-drivedb

on hddtest2.nexcess.net

config.status:955: creating update-smart-drivedb
config.status:955: creating smartd_warning.sh
