This file contains any messages produced by compilers while
running configure, to aid debugging if configure makes a mistake.

It was created by sdparm configure 1.06, which was
generated by GNU Autoconf 2.65.  Invocation command line was

  $ ./configure 

## --------- ##
## Platform. ##
## --------- ##

hostname = hddtest2
uname -m = x86_64
uname -r = 2.6.18-194.32.1.el5
uname -s = Linux
uname -v = #1 SMP Wed Jan 5 17:52:25 EST 2011

/usr/bin/uname -p = unknown
/bin/uname -X     = unknown

/bin/arch              = x86_64
/usr/bin/arch -k       = unknown
/usr/convex/getsysinfo = unknown
/usr/bin/hostinfo      = unknown
/bin/machine           = unknown
/usr/bin/oslevel       = unknown
/bin/universe          = unknown

PATH: /usr/kerberos/sbin
PATH: /usr/kerberos/bin
PATH: /usr/local/sbin
PATH: /usr/local/bin
PATH: /sbin
PATH: /bin
PATH: /usr/sbin
PATH: /usr/bin
PATH: /root/bin


## ----------- ##
## Core tests. ##
## ----------- ##

configure:2055: checking for a BSD-compatible install
configure:2123: result: /usr/bin/install -c
configure:2134: checking whether build environment is sane
configure:2184: result: yes
configure:2325: checking for a thread-safe mkdir -p
configure:2364: result: /bin/mkdir -p
configure:2377: checking for gawk
configure:2393: found /bin/gawk
configure:2404: result: gawk
configure:2415: checking whether make sets $(MAKE)
configure:2441: result: no
configure:2518: checking whether to enable maintainer-specific portions of Makefiles
configure:2527: result: no
configure:2591: checking for gcc
configure:2607: found /usr/bin/gcc
configure:2618: result: gcc
configure:2847: checking for C compiler version
configure:2856: gcc --version >&5
gcc (GCC) 4.1.2 20080704 (Red Hat 4.1.2-48)
Copyright (C) 2006 Free Software Foundation, Inc.
This is free software; see the source for copying conditions.  There is NO
warranty; not even for MERCHANTABILITY or FITNESS FOR A PARTICULAR PURPOSE.

configure:2867: $? = 0
configure:2856: gcc -v >&5
Using built-in specs.
Target: x86_64-redhat-linux
Configured with: ../configure --prefix=/usr --mandir=/usr/share/man --infodir=/usr/share/info --enable-shared --enable-threads=posix --enable-checking=release --with-system-zlib --enable-__cxa_atexit --disable-libunwind-exceptions --enable-libgcj-multifile --enable-languages=c,c++,objc,obj-c++,java,fortran,ada --enable-java-awt=gtk --disable-dssi --enable-plugin --with-java-home=/usr/lib/jvm/java-1.4.2-gcj-1.4.2.0/jre --with-cpu=generic --host=x86_64-redhat-linux
Thread model: posix
gcc version 4.1.2 20080704 (Red Hat 4.1.2-48)
configure:2867: $? = 0
configure:2856: gcc -V >&5
gcc: '-V' option must have argument
configure:2867: $? = 1
configure:2856: gcc -qversion >&5
gcc: unrecognized option '-qversion'
gcc: no input files
configure:2867: $? = 1
configure:2887: checking whether the C compiler works
configure:2909: gcc    conftest.c  >&5
configure:2913: $? = 0
configure:2962: result: yes
configure:2965: checking for C compiler default output file name
configure:2967: result: a.out
configure:2973: checking for suffix of executables
configure:2980: gcc -o conftest    conftest.c  >&5
configure:2984: $? = 0
configure:3006: result: 
configure:3028: checking whether we are cross compiling
configure:3036: gcc -o conftest    conftest.c  >&5
configure:3040: $? = 0
configure:3047: ./conftest
configure:3051: $? = 0
configure:3066: result: no
configure:3071: checking for suffix of object files
configure:3093: gcc -c   conftest.c >&5
configure:3097: $? = 0
configure:3118: result: o
configure:3122: checking whether we are using the GNU C compiler
configure:3141: gcc -c   conftest.c >&5
configure:3141: $? = 0
configure:3150: result: yes
configure:3159: checking whether gcc accepts -g
configure:3179: gcc -c -g  conftest.c >&5
configure:3179: $? = 0
configure:3220: result: yes
configure:3237: checking for gcc option to accept ISO C89
configure:3301: gcc  -c -g -O2  conftest.c >&5
configure:3301: $? = 0
configure:3314: result: none needed
configure:3345: checking for style of include used by make
configure:3373: result: none
configure:3398: checking dependency style of gcc
configure:3508: result: none
configure:3533: checking how to run the C preprocessor
configure:3564: gcc -E  conftest.c
configure:3564: $? = 0
configure:3578: gcc -E  conftest.c
conftest.c:11:28: error: ac_nonexistent.h: No such file or directory
configure:3578: $? = 1
configure: failed program was:
| /* confdefs.h */
| #define PACKAGE_NAME "sdparm"
| #define PACKAGE_TARNAME "sdparm"
| #define PACKAGE_VERSION "1.06"
| #define PACKAGE_STRING "sdparm 1.06"
| #define PACKAGE_BUGREPORT "dgilbert@interlog.com"
| #define PACKAGE_URL ""
| #define PACKAGE "sdparm"
| #define VERSION "1.06"
| /* end confdefs.h.  */
| #include <ac_nonexistent.h>
configure:3603: result: gcc -E
configure:3623: gcc -E  conftest.c
configure:3623: $? = 0
configure:3637: gcc -E  conftest.c
conftest.c:11:28: error: ac_nonexistent.h: No such file or directory
configure:3637: $? = 1
configure: failed program was:
| /* confdefs.h */
| #define PACKAGE_NAME "sdparm"
| #define PACKAGE_TARNAME "sdparm"
| #define PACKAGE_VERSION "1.06"
| #define PACKAGE_STRING "sdparm 1.06"
| #define PACKAGE_BUGREPORT "dgilbert@interlog.com"
| #define PACKAGE_URL ""
| #define PACKAGE "sdparm"
| #define VERSION "1.06"
| /* end confdefs.h.  */
| #include <ac_nonexistent.h>
configure:3666: checking for grep that handles long lines and -e
configure:3724: result: /bin/grep
configure:3729: checking for egrep
configure:3791: result: /bin/grep -E
configure:3796: checking for ANSI C header files
configure:3816: gcc -c -g -O2  conftest.c >&5
configure:3816: $? = 0
configure:3889: gcc -o conftest -g -O2   conftest.c  >&5
configure:3889: $? = 0
configure:3889: ./conftest
configure:3889: $? = 0
configure:3900: result: yes
configure:3911: checking for linux/types.h
configure:3911: gcc -c -g -O2  conftest.c >&5
configure:3911: $? = 0
configure:3911: result: yes
configure:3911: checking for linux/bsg.h
configure:3911: gcc -c -g -O2  conftest.c >&5
conftest.c:18:23: error: linux/bsg.h: No such file or directory
configure:3911: $? = 1
configure: failed program was:
| /* confdefs.h */
| #define PACKAGE_NAME "sdparm"
| #define PACKAGE_TARNAME "sdparm"
| #define PACKAGE_VERSION "1.06"
| #define PACKAGE_STRING "sdparm 1.06"
| #define PACKAGE_BUGREPORT "dgilbert@interlog.com"
| #define PACKAGE_URL ""
| #define PACKAGE "sdparm"
| #define VERSION "1.06"
| #define STDC_HEADERS 1
| #define HAVE_LINUX_TYPES_H 1
| /* end confdefs.h.  */
| #ifdef HAVE_LINUX_TYPES_H
|      # include <linux/types.h>
|      #endif
| 
| 
| #include <linux/bsg.h>
configure:3911: result: no
configure:3911: checking for linux/kdev_t.h
configure:3911: gcc -c -g -O2  conftest.c >&5
configure:3911: $? = 0
configure:3911: result: yes
configure:3929: checking for getopt_long
configure:3929: gcc -o conftest -g -O2   conftest.c  >&5
configure:3929: $? = 0
configure:3929: result: yes
configure:3946: checking build system type
configure:3960: result: x86_64-unknown-linux-gnu
configure:3980: checking host system type
configure:3993: result: x86_64-unknown-linux-gnu
configure:4179: checking for sg_ll_inquiry in -lsgutils2
configure:4204: gcc -o conftest -g -O2   conftest.c -lsgutils2   >&5
/usr/bin/ld: cannot find -lsgutils2
collect2: ld returned 1 exit status
configure:4204: $? = 1
configure: failed program was:
| /* confdefs.h */
| #define PACKAGE_NAME "sdparm"
| #define PACKAGE_TARNAME "sdparm"
| #define PACKAGE_VERSION "1.06"
| #define PACKAGE_STRING "sdparm 1.06"
| #define PACKAGE_BUGREPORT "dgilbert@interlog.com"
| #define PACKAGE_URL ""
| #define PACKAGE "sdparm"
| #define VERSION "1.06"
| #define STDC_HEADERS 1
| #define HAVE_LINUX_TYPES_H 1
| #define HAVE_LINUX_KDEV_T_H 1
| #define HAVE_GETOPT_LONG 1
| #define SG_LIB_BUILD_HOST "x86_64-unknown-linux-gnu"
| #define SG_LIB_LINUX 1
| /* end confdefs.h.  */
| 
| /* Override any GCC internal prototype to avoid an error.
|    Use char because int might match the return type of a GCC
|    builtin and then its argument prototype would still apply.  */
| #ifdef __cplusplus
| extern "C"
| #endif
| char sg_ll_inquiry ();
| int
| main ()
| {
| return sg_ll_inquiry ();
|   ;
|   return 0;
| }
configure:4213: result: no
configure:4384: creating ./config.status

## ---------------------- ##
## Running config.status. ##
## ---------------------- ##

This file was extended by sdparm config.status 1.06, which was
generated by GNU Autoconf 2.65.  Invocation command line was

  CONFIG_FILES    = 
  CONFIG_HEADERS  = 
  CONFIG_LINKS    = 
  CONFIG_COMMANDS = 
  $ ./config.status 

on hddtest2

config.status:877: creating Makefile
config.status:877: creating src/Makefile
config.status:877: creating doc/Makefile
config.status:877: creating config.h
config.status:1097: executing depfiles commands

## ---------------- ##
## Cache variables. ##
## ---------------- ##

ac_cv_build=x86_64-unknown-linux-gnu
ac_cv_c_compiler_gnu=yes
ac_cv_env_CC_set=
ac_cv_env_CC_value=
ac_cv_env_CFLAGS_set=
ac_cv_env_CFLAGS_value=
ac_cv_env_CPPFLAGS_set=
ac_cv_env_CPPFLAGS_value=
ac_cv_env_CPP_set=
ac_cv_env_CPP_value=
ac_cv_env_LDFLAGS_set=
ac_cv_env_LDFLAGS_value=
ac_cv_env_LIBS_set=
ac_cv_env_LIBS_value=
ac_cv_env_build_alias_set=
ac_cv_env_build_alias_value=
ac_cv_env_host_alias_set=
ac_cv_env_host_alias_value=
ac_cv_env_target_alias_set=
ac_cv_env_target_alias_value=
ac_cv_func_getopt_long=yes
ac_cv_header_linux_bsg_h=no
ac_cv_header_linux_kdev_t_h=yes
ac_cv_header_linux_types_h=yes
ac_cv_header_stdc=yes
ac_cv_host=x86_64-unknown-linux-gnu
ac_cv_lib_sgutils2_sg_ll_inquiry=no
ac_cv_objext=o
ac_cv_path_EGREP='/bin/grep -E'
ac_cv_path_GREP=/bin/grep
ac_cv_path_install='/usr/bin/install -c'
ac_cv_path_mkdir=/bin/mkdir
ac_cv_prog_AWK=gawk
ac_cv_prog_CPP='gcc -E'
ac_cv_prog_ac_ct_CC=gcc
ac_cv_prog_cc_c89=
ac_cv_prog_cc_g=yes
ac_cv_prog_make_make_set=no
am_cv_CC_dependencies_compiler_type=none

## ----------------- ##
## Output variables. ##
## ----------------- ##

ACLOCAL='${SHELL} /root/sdparm-1.06/missing --run aclocal-1.11'
AMDEPBACKSLASH='\'
AMDEP_FALSE='#'
AMDEP_TRUE=''
AMTAR='${SHELL} /root/sdparm-1.06/missing --run tar'
AUTOCONF='${SHELL} /root/sdparm-1.06/missing --run autoconf'
AUTOHEADER='${SHELL} /root/sdparm-1.06/missing --run autoheader'
AUTOMAKE='${SHELL} /root/sdparm-1.06/missing --run automake-1.11'
AWK='gawk'
CC='gcc'
CCDEPMODE='depmode=none'
CFLAGS='-g -O2'
CPP='gcc -E'
CPPFLAGS=''
CYGPATH_W='echo'
DEFS='-DHAVE_CONFIG_H'
DEPDIR='.deps'
ECHO_C=''
ECHO_N='-n'
ECHO_T=''
EGREP='/bin/grep -E'
EXEEXT=''
GETOPT_O_FILES=''
GREP='/bin/grep'
HAVE_SGUTILS_FALSE=''
HAVE_SGUTILS_TRUE='#'
INSTALL_DATA='${INSTALL} -m 644'
INSTALL_PROGRAM='${INSTALL}'
INSTALL_SCRIPT='${INSTALL}'
INSTALL_STRIP_PROGRAM='$(install_sh) -c -s'
LDFLAGS=''
LIBOBJS=''
LIBS=''
LTLIBOBJS=''
MAINT='#'
MAINTAINER_MODE_FALSE=''
MAINTAINER_MODE_TRUE='#'
MAKEINFO='${SHELL} /root/sdparm-1.06/missing --run makeinfo'
MKDIR_P='/bin/mkdir -p'
OBJEXT='o'
OS_FREEBSD_FALSE=''
OS_FREEBSD_TRUE='#'
OS_LINUX_FALSE='#'
OS_LINUX_TRUE=''
OS_OSF_FALSE=''
OS_OSF_TRUE='#'
OS_SOLARIS_FALSE=''
OS_SOLARIS_TRUE='#'
OS_WIN32_CYGWIN_FALSE=''
OS_WIN32_CYGWIN_TRUE='#'
OS_WIN32_MINGW_FALSE=''
OS_WIN32_MINGW_TRUE='#'
PACKAGE='sdparm'
PACKAGE_BUGREPORT='dgilbert@interlog.com'
PACKAGE_NAME='sdparm'
PACKAGE_STRING='sdparm 1.06'
PACKAGE_TARNAME='sdparm'
PACKAGE_URL=''
PACKAGE_VERSION='1.06'
PATH_SEPARATOR=':'
SET_MAKE='MAKE=make'
SGUTILS_LIBS=''
SHELL='/bin/sh'
STRIP=''
VERSION='1.06'
ac_ct_CC='gcc'
am__EXEEXT_FALSE=''
am__EXEEXT_TRUE='#'
am__fastdepCC_FALSE=''
am__fastdepCC_TRUE='#'
am__include='#'
am__isrc=''
am__leading_dot='.'
am__quote=''
am__tar='${AMTAR} chof - "$$tardir"'
am__untar='${AMTAR} xf -'
bindir='${exec_prefix}/bin'
build='x86_64-unknown-linux-gnu'
build_alias=''
build_cpu='x86_64'
build_os='linux-gnu'
build_vendor='unknown'
datadir='${datarootdir}'
datarootdir='${prefix}/share'
docdir='${datarootdir}/doc/${PACKAGE_TARNAME}'
dvidir='${docdir}'
exec_prefix='${prefix}'
host='x86_64-unknown-linux-gnu'
host_alias=''
host_cpu='x86_64'
host_os='linux-gnu'
host_vendor='unknown'
htmldir='${docdir}'
includedir='${prefix}/include'
infodir='${datarootdir}/info'
install_sh='${SHELL} /root/sdparm-1.06/install-sh'
libdir='${exec_prefix}/lib'
libexecdir='${exec_prefix}/libexec'
localedir='${datarootdir}/locale'
localstatedir='${prefix}/var'
mandir='${datarootdir}/man'
mkdir_p='/bin/mkdir -p'
oldincludedir='/usr/include'
os_deps='sg_pt_linux.o'
os_libs=''
pdfdir='${docdir}'
prefix='/usr/local'
program_transform_name='s,x,x,'
psdir='${docdir}'
sbindir='${exec_prefix}/sbin'
sharedstatedir='${prefix}/com'
sysconfdir='${prefix}/etc'
target_alias=''

## ----------- ##
## confdefs.h. ##
## ----------- ##

/* confdefs.h */
#define PACKAGE_NAME "sdparm"
#define PACKAGE_TARNAME "sdparm"
#define PACKAGE_VERSION "1.06"
#define PACKAGE_STRING "sdparm 1.06"
#define PACKAGE_BUGREPORT "dgilbert@interlog.com"
#define PACKAGE_URL ""
#define PACKAGE "sdparm"
#define VERSION "1.06"
#define STDC_HEADERS 1
#define HAVE_LINUX_TYPES_H 1
#define HAVE_LINUX_KDEV_T_H 1
#define HAVE_GETOPT_LONG 1
#define SG_LIB_BUILD_HOST "x86_64-unknown-linux-gnu"
#define SG_LIB_LINUX 1

configure: exit 0
