This file contains any messages produced by compilers while
running configure, to aid debugging if configure makes a mistake.

It was created by sdparm configure 1.07, which was
generated by GNU Autoconf 2.68.  Invocation command line was

  $ ./configure 

## --------- ##
## Platform. ##
## --------- ##

hostname = hddtest2.nexcess.net
uname -m = x86_64
uname -r = 2.6.32-279.5.2.el6.x86_64
uname -s = Linux
uname -v = #1 SMP Fri Aug 24 01:07:11 UTC 2012

/usr/bin/uname -p = unknown
/bin/uname -X     = unknown

/bin/arch              = x86_64
/usr/bin/arch -k       = unknown
/usr/convex/getsysinfo = unknown
/usr/bin/hostinfo      = unknown
/bin/machine           = unknown
/usr/bin/oslevel       = unknown
/bin/universe          = unknown

PATH: /sbin
PATH: /bin
PATH: /usr/sbin
PATH: /usr/bin
PATH: /usr/local/sbin
PATH: /sbin
PATH: /usr/sbin
PATH: /var/qmail/bin/
PATH: /usr/nexkit/bin


## ----------- ##
## Core tests. ##
## ----------- ##

configure:2071: checking for a BSD-compatible install
configure:2139: result: /usr/bin/install -c
configure:2150: checking whether build environment is sane
configure:2200: result: yes
configure:2341: checking for a thread-safe mkdir -p
configure:2380: result: /bin/mkdir -p
configure:2393: checking for gawk
configure:2409: found /bin/gawk
configure:2420: result: gawk
configure:2431: checking whether make sets $(MAKE)
configure:2453: result: yes
configure:2534: checking whether to enable maintainer-specific portions of Makefiles
configure:2543: result: no
configure:2607: checking for gcc
configure:2623: found /usr/bin/gcc
configure:2634: result: gcc
configure:2863: checking for C compiler version
configure:2872: gcc --version >&5
gcc (GCC) 4.4.6 20120305 (Red Hat 4.4.6-4)
Copyright (C) 2010 Free Software Foundation, Inc.
This is free software; see the source for copying conditions.  There is NO
warranty; not even for MERCHANTABILITY or FITNESS FOR A PARTICULAR PURPOSE.

configure:2883: $? = 0
configure:2872: gcc -v >&5
Using built-in specs.
Target: x86_64-redhat-linux
Configured with: ../configure --prefix=/usr --mandir=/usr/share/man --infodir=/usr/share/info --with-bugurl=http://bugzilla.redhat.com/bugzilla --enable-bootstrap --enable-shared --enable-threads=posix --enable-checking=release --with-system-zlib --enable-__cxa_atexit --disable-libunwind-exceptions --enable-gnu-unique-object --enable-languages=c,c++,objc,obj-c++,java,fortran,ada --enable-java-awt=gtk --disable-dssi --with-java-home=/usr/lib/jvm/java-1.5.0-gcj-1.5.0.0/jre --enable-libgcj-multifile --enable-java-maintainer-mode --with-ecj-jar=/usr/share/java/eclipse-ecj.jar --disable-libjava-multilib --with-ppl --with-cloog --with-tune=generic --with-arch_32=i686 --build=x86_64-redhat-linux
Thread model: posix
gcc version 4.4.6 20120305 (Red Hat 4.4.6-4) (GCC) 
configure:2883: $? = 0
configure:2872: gcc -V >&5
gcc: '-V' option must have argument
configure:2883: $? = 1
configure:2872: gcc -qversion >&5
gcc: unrecognized option '-qversion'
gcc: no input files
configure:2883: $? = 1
configure:2903: checking whether the C compiler works
configure:2925: gcc    conftest.c  >&5
configure:2929: $? = 0
configure:2977: result: yes
configure:2980: checking for C compiler default output file name
configure:2982: result: a.out
configure:2988: checking for suffix of executables
configure:2995: gcc -o conftest    conftest.c  >&5
configure:2999: $? = 0
configure:3021: result: 
configure:3043: checking whether we are cross compiling
configure:3051: gcc -o conftest    conftest.c  >&5
configure:3055: $? = 0
configure:3062: ./conftest
configure:3066: $? = 0
configure:3081: result: no
configure:3086: checking for suffix of object files
configure:3108: gcc -c   conftest.c >&5
configure:3112: $? = 0
configure:3133: result: o
configure:3137: checking whether we are using the GNU C compiler
configure:3156: gcc -c   conftest.c >&5
configure:3156: $? = 0
configure:3165: result: yes
configure:3174: checking whether gcc accepts -g
configure:3194: gcc -c -g  conftest.c >&5
configure:3194: $? = 0
configure:3235: result: yes
configure:3252: checking for gcc option to accept ISO C89
configure:3316: gcc  -c -g -O2  conftest.c >&5
configure:3316: $? = 0
configure:3329: result: none needed
configure:3360: checking for style of include used by make
configure:3388: result: GNU
configure:3413: checking dependency style of gcc
configure:3523: result: gcc3
configure:3548: checking how to run the C preprocessor
configure:3579: gcc -E  conftest.c
configure:3579: $? = 0
configure:3593: gcc -E  conftest.c
conftest.c:11:28: error: ac_nonexistent.h: No such file or directory
configure:3593: $? = 1
configure: failed program was:
| /* confdefs.h */
| #define PACKAGE_NAME "sdparm"
| #define PACKAGE_TARNAME "sdparm"
| #define PACKAGE_VERSION "1.07"
| #define PACKAGE_STRING "sdparm 1.07"
| #define PACKAGE_BUGREPORT "dgilbert@interlog.com"
| #define PACKAGE_URL ""
| #define PACKAGE "sdparm"
| #define VERSION "1.07"
| /* end confdefs.h.  */
| #include <ac_nonexistent.h>
configure:3618: result: gcc -E
configure:3638: gcc -E  conftest.c
configure:3638: $? = 0
configure:3652: gcc -E  conftest.c
conftest.c:11:28: error: ac_nonexistent.h: No such file or directory
configure:3652: $? = 1
configure: failed program was:
| /* confdefs.h */
| #define PACKAGE_NAME "sdparm"
| #define PACKAGE_TARNAME "sdparm"
| #define PACKAGE_VERSION "1.07"
| #define PACKAGE_STRING "sdparm 1.07"
| #define PACKAGE_BUGREPORT "dgilbert@interlog.com"
| #define PACKAGE_URL ""
| #define PACKAGE "sdparm"
| #define VERSION "1.07"
| /* end confdefs.h.  */
| #include <ac_nonexistent.h>
configure:3681: checking for grep that handles long lines and -e
configure:3739: result: /bin/grep
configure:3744: checking for egrep
configure:3806: result: /bin/grep -E
configure:3811: checking for ANSI C header files
configure:3831: gcc -c -g -O2  conftest.c >&5
configure:3831: $? = 0
configure:3904: gcc -o conftest -g -O2   conftest.c  >&5
configure:3904: $? = 0
configure:3904: ./conftest
configure:3904: $? = 0
configure:3915: result: yes
configure:3926: checking for linux/types.h
configure:3926: gcc -c -g -O2  conftest.c >&5
configure:3926: $? = 0
configure:3926: result: yes
configure:3926: checking for linux/bsg.h
configure:3926: gcc -c -g -O2  conftest.c >&5
configure:3926: $? = 0
configure:3926: result: yes
configure:3926: checking for linux/kdev_t.h
configure:3926: gcc -c -g -O2  conftest.c >&5
configure:3926: $? = 0
configure:3926: result: yes
configure:3943: checking for getopt_long
configure:3943: gcc -o conftest -g -O2   conftest.c  >&5
configure:3943: $? = 0
configure:3943: result: yes
configure:3960: checking build system type
configure:3974: result: x86_64-unknown-linux-gnu
configure:3994: checking host system type
configure:4007: result: x86_64-unknown-linux-gnu
configure:4193: checking for sg_ll_inquiry in -lsgutils2
configure:4218: gcc -o conftest -g -O2   conftest.c -lsgutils2   >&5
/usr/bin/ld: cannot find -lsgutils2
collect2: ld returned 1 exit status
configure:4218: $? = 1
configure: failed program was:
| /* confdefs.h */
| #define PACKAGE_NAME "sdparm"
| #define PACKAGE_TARNAME "sdparm"
| #define PACKAGE_VERSION "1.07"
| #define PACKAGE_STRING "sdparm 1.07"
| #define PACKAGE_BUGREPORT "dgilbert@interlog.com"
| #define PACKAGE_URL ""
| #define PACKAGE "sdparm"
| #define VERSION "1.07"
| #define STDC_HEADERS 1
| #define HAVE_LINUX_TYPES_H 1
| #define HAVE_LINUX_BSG_H 1
| #define HAVE_LINUX_KDEV_T_H 1
| #define HAVE_GETOPT_LONG 1
| #define SG_LIB_BUILD_HOST "x86_64-unknown-linux-gnu"
| #define SG_LIB_LINUX 1
| /* end confdefs.h.  */
| 
| /* Override any GCC internal prototype to avoid an error.
|    Use char because int might match the return type of a GCC
|    builtin and then its argument prototype would still apply.  */
| #ifdef __cplusplus
| extern "C"
| #endif
| char sg_ll_inquiry ();
| int
| main ()
| {
| return sg_ll_inquiry ();
|   ;
|   return 0;
| }
configure:4227: result: no
configure:4410: creating ./config.status

## ---------------------- ##
## Running config.status. ##
## ---------------------- ##

This file was extended by sdparm config.status 1.07, which was
generated by GNU Autoconf 2.68.  Invocation command line was

  CONFIG_FILES    = 
  CONFIG_HEADERS  = 
  CONFIG_LINKS    = 
  CONFIG_COMMANDS = 
  $ ./config.status 

on hddtest2.nexcess.net

config.status:887: creating Makefile
config.status:887: creating src/Makefile
config.status:887: creating doc/Makefile
config.status:887: creating config.h
config.status:1116: executing depfiles commands

## ---------------- ##
## Cache variables. ##
## ---------------- ##

ac_cv_build=x86_64-unknown-linux-gnu
ac_cv_c_compiler_gnu=yes
ac_cv_env_CC_set=
ac_cv_env_CC_value=
ac_cv_env_CFLAGS_set=
ac_cv_env_CFLAGS_value=
ac_cv_env_CPPFLAGS_set=
ac_cv_env_CPPFLAGS_value=
ac_cv_env_CPP_set=
ac_cv_env_CPP_value=
ac_cv_env_LDFLAGS_set=
ac_cv_env_LDFLAGS_value=
ac_cv_env_LIBS_set=
ac_cv_env_LIBS_value=
ac_cv_env_build_alias_set=
ac_cv_env_build_alias_value=
ac_cv_env_host_alias_set=
ac_cv_env_host_alias_value=
ac_cv_env_target_alias_set=
ac_cv_env_target_alias_value=
ac_cv_func_getopt_long=yes
ac_cv_header_linux_bsg_h=yes
ac_cv_header_linux_kdev_t_h=yes
ac_cv_header_linux_types_h=yes
ac_cv_header_stdc=yes
ac_cv_host=x86_64-unknown-linux-gnu
ac_cv_lib_sgutils2_sg_ll_inquiry=no
ac_cv_objext=o
ac_cv_path_EGREP='/bin/grep -E'
ac_cv_path_GREP=/bin/grep
ac_cv_path_install='/usr/bin/install -c'
ac_cv_path_mkdir=/bin/mkdir
ac_cv_prog_AWK=gawk
ac_cv_prog_CPP='gcc -E'
ac_cv_prog_ac_ct_CC=gcc
ac_cv_prog_cc_c89=
ac_cv_prog_cc_g=yes
ac_cv_prog_make_make_set=yes
am_cv_CC_dependencies_compiler_type=gcc3

## ----------------- ##
## Output variables. ##
## ----------------- ##

ACLOCAL='${SHELL} /chroot/home/nexcmartin/sdparm-1.07/missing --run aclocal-1.11'
AMDEPBACKSLASH='\'
AMDEP_FALSE='#'
AMDEP_TRUE=''
AMTAR='${SHELL} /chroot/home/nexcmartin/sdparm-1.07/missing --run tar'
AUTOCONF='${SHELL} /chroot/home/nexcmartin/sdparm-1.07/missing --run autoconf'
AUTOHEADER='${SHELL} /chroot/home/nexcmartin/sdparm-1.07/missing --run autoheader'
AUTOMAKE='${SHELL} /chroot/home/nexcmartin/sdparm-1.07/missing --run automake-1.11'
AWK='gawk'
CC='gcc'
CCDEPMODE='depmode=gcc3'
CFLAGS='-g -O2'
CPP='gcc -E'
CPPFLAGS=''
CYGPATH_W='echo'
DEFS='-DHAVE_CONFIG_H'
DEPDIR='.deps'
ECHO_C=''
ECHO_N='-n'
ECHO_T=''
EGREP='/bin/grep -E'
EXEEXT=''
GETOPT_O_FILES=''
GREP='/bin/grep'
HAVE_SGUTILS_FALSE=''
HAVE_SGUTILS_TRUE='#'
INSTALL_DATA='${INSTALL} -m 644'
INSTALL_PROGRAM='${INSTALL}'
INSTALL_SCRIPT='${INSTALL}'
INSTALL_STRIP_PROGRAM='$(install_sh) -c -s'
LDFLAGS=''
LIBOBJS=''
LIBS=''
LTLIBOBJS=''
MAINT='#'
MAINTAINER_MODE_FALSE=''
MAINTAINER_MODE_TRUE='#'
MAKEINFO='${SHELL} /chroot/home/nexcmartin/sdparm-1.07/missing --run makeinfo'
MKDIR_P='/bin/mkdir -p'
OBJEXT='o'
OS_FREEBSD_FALSE=''
OS_FREEBSD_TRUE='#'
OS_LINUX_FALSE='#'
OS_LINUX_TRUE=''
OS_OSF_FALSE=''
OS_OSF_TRUE='#'
OS_SOLARIS_FALSE=''
OS_SOLARIS_TRUE='#'
OS_WIN32_CYGWIN_FALSE=''
OS_WIN32_CYGWIN_TRUE='#'
OS_WIN32_MINGW_FALSE=''
OS_WIN32_MINGW_TRUE='#'
PACKAGE='sdparm'
PACKAGE_BUGREPORT='dgilbert@interlog.com'
PACKAGE_NAME='sdparm'
PACKAGE_STRING='sdparm 1.07'
PACKAGE_TARNAME='sdparm'
PACKAGE_URL=''
PACKAGE_VERSION='1.07'
PATH_SEPARATOR=':'
SET_MAKE=''
SGUTILS_LIBS=''
SHELL='/bin/sh'
STRIP=''
VERSION='1.07'
ac_ct_CC='gcc'
am__EXEEXT_FALSE=''
am__EXEEXT_TRUE='#'
am__fastdepCC_FALSE='#'
am__fastdepCC_TRUE=''
am__include='include'
am__isrc=''
am__leading_dot='.'
am__quote=''
am__tar='${AMTAR} chof - "$$tardir"'
am__untar='${AMTAR} xf -'
bindir='${exec_prefix}/bin'
build='x86_64-unknown-linux-gnu'
build_alias=''
build_cpu='x86_64'
build_os='linux-gnu'
build_vendor='unknown'
datadir='${datarootdir}'
datarootdir='${prefix}/share'
docdir='${datarootdir}/doc/${PACKAGE_TARNAME}'
dvidir='${docdir}'
exec_prefix='${prefix}'
host='x86_64-unknown-linux-gnu'
host_alias=''
host_cpu='x86_64'
host_os='linux-gnu'
host_vendor='unknown'
htmldir='${docdir}'
includedir='${prefix}/include'
infodir='${datarootdir}/info'
install_sh='${SHELL} /chroot/home/nexcmartin/sdparm-1.07/install-sh'
libdir='${exec_prefix}/lib'
libexecdir='${exec_prefix}/libexec'
localedir='${datarootdir}/locale'
localstatedir='${prefix}/var'
mandir='${datarootdir}/man'
mkdir_p='/bin/mkdir -p'
oldincludedir='/usr/include'
os_deps='sg_pt_linux.o'
os_libs=''
pdfdir='${docdir}'
prefix='/usr/local'
program_transform_name='s,x,x,'
psdir='${docdir}'
sbindir='${exec_prefix}/sbin'
sharedstatedir='${prefix}/com'
sysconfdir='${prefix}/etc'
target_alias=''

## ----------- ##
## confdefs.h. ##
## ----------- ##

/* confdefs.h */
#define PACKAGE_NAME "sdparm"
#define PACKAGE_TARNAME "sdparm"
#define PACKAGE_VERSION "1.07"
#define PACKAGE_STRING "sdparm 1.07"
#define PACKAGE_BUGREPORT "dgilbert@interlog.com"
#define PACKAGE_URL ""
#define PACKAGE "sdparm"
#define VERSION "1.07"
#define STDC_HEADERS 1
#define HAVE_LINUX_TYPES_H 1
#define HAVE_LINUX_BSG_H 1
#define HAVE_LINUX_KDEV_T_H 1
#define HAVE_GETOPT_LONG 1
#define SG_LIB_BUILD_HOST "x86_64-unknown-linux-gnu"
#define SG_LIB_LINUX 1

configure: exit 0
